{"D:\\BE_HomeLander\\HomeLand_Apartment_Management_BE\\src\\app.controller.ts": {"path":"D:\\BE_HomeLander\\HomeLand_Apartment_Management_BE\\src\\app.controller.ts","statementMap":{"0":{"start":{"line":1,"column":0},"end":{"line":1,"column":49}},"1":{"start":{"line":2,"column":0},"end":{"line":2,"column":43}},"2":{"start":{"line":3,"column":0},"end":{"line":3,"column":42}},"3":{"start":{"line":4,"column":0},"end":{"line":4,"column":57}},"4":{"start":{"line":9,"column":7},"end":{"line":69,"column":null}},"5":{"start":{"line":11,"column":25},"end":{"line":11,"column":37}},"6":{"start":{"line":17,"column":8},"end":{"line":17,"column":42}},"7":{"start":{"line":9,"column":13},"end":{"line":9,"column":26}},"8":{"start":{"line":16,"column":4},"end":{"line":18,"column":null}},"9":{"start":{"line":9,"column":13},"end":{"line":69,"column":null}}},"fnMap":{"0":{"name":"(anonymous_2)","decl":{"start":{"line":10,"column":4},"end":{"line":10,"column":null}},"loc":{"start":{"line":11,"column":47},"end":{"line":12,"column":8}}},"1":{"name":"(anonymous_3)","decl":{"start":{"line":16,"column":4},"end":{"line":16,"column":12}},"loc":{"start":{"line":16,"column":12},"end":{"line":18,"column":5}}}},"branchMap":{},"s":{"0":0,"1":0,"2":0,"3":0,"4":0,"5":0,"6":0,"7":0,"8":0,"9":0},"f":{"0":0,"1":0},"b":{}}
,"D:\\BE_HomeLander\\HomeLand_Apartment_Management_BE\\src\\app.module.ts": {"path":"D:\\BE_HomeLander\\HomeLand_Apartment_Management_BE\\src\\app.module.ts","statementMap":{"0":{"start":{"line":1,"column":0},"end":{"line":1,"column":40}},"1":{"start":{"line":2,"column":0},"end":{"line":2,"column":49}},"2":{"start":{"line":3,"column":0},"end":{"line":3,"column":43}},"3":{"start":{"line":4,"column":0},"end":{"line":4,"column":48}},"4":{"start":{"line":5,"column":0},"end":{"line":5,"column":48}},"5":{"start":{"line":6,"column":0},"end":{"line":6,"column":71}},"6":{"start":{"line":7,"column":0},"end":{"line":7,"column":57}},"7":{"start":{"line":8,"column":0},"end":{"line":8,"column":46}},"8":{"start":{"line":9,"column":0},"end":{"line":9,"column":40}},"9":{"start":{"line":10,"column":0},"end":{"line":10,"column":48}},"10":{"start":{"line":11,"column":0},"end":{"line":11,"column":48}},"11":{"start":{"line":12,"column":0},"end":{"line":12,"column":42}},"12":{"start":{"line":13,"column":0},"end":{"line":13,"column":63}},"13":{"start":{"line":14,"column":0},"end":{"line":14,"column":51}},"14":{"start":{"line":15,"column":0},"end":{"line":15,"column":60}},"15":{"start":{"line":16,"column":0},"end":{"line":16,"column":83}},"16":{"start":{"line":17,"column":0},"end":{"line":17,"column":56}},"17":{"start":{"line":18,"column":0},"end":{"line":18,"column":57}},"18":{"start":{"line":19,"column":0},"end":{"line":19,"column":51}},"19":{"start":{"line":21,"column":0},"end":{"line":21,"column":60}},"20":{"start":{"line":22,"column":0},"end":{"line":22,"column":60}},"21":{"start":{"line":23,"column":0},"end":{"line":23,"column":60}},"22":{"start":{"line":86,"column":7},"end":{"line":86,"column":null}},"23":{"start":{"line":86,"column":13},"end":{"line":86,"column":22}},"24":{"start":{"line":86,"column":13},"end":{"line":86,"column":null}},"25":{"start":{"line":33,"column":16},"end":{"line":61,"column":null}},"26":{"start":{"line":34,"column":20},"end":{"line":46,"column":22}},"27":{"start":{"line":48,"column":20},"end":{"line":60,"column":22}}},"fnMap":{"0":{"name":"(anonymous_1)","decl":{"start":{"line":32,"column":24},"end":{"line":32,"column":29}},"loc":{"start":{"line":32,"column":35},"end":{"line":62,"column":13}}}},"branchMap":{"0":{"loc":{"start":{"line":33,"column":16},"end":{"line":61,"column":null}},"type":"if","locations":[{"start":{"line":33,"column":16},"end":{"line":61,"column":null}},{"start":{"line":47,"column":23},"end":{"line":61,"column":null}}]}},"s":{"0":0,"1":0,"2":0,"3":0,"4":0,"5":0,"6":0,"7":0,"8":0,"9":0,"10":0,"11":0,"12":0,"13":0,"14":0,"15":0,"16":0,"17":0,"18":0,"19":0,"20":0,"21":0,"22":0,"23":0,"24":0,"25":0,"26":0,"27":0},"f":{"0":0},"b":{"0":[0,0]}}
,"D:\\BE_HomeLander\\HomeLand_Apartment_Management_BE\\src\\app.service.ts": {"path":"D:\\BE_HomeLander\\HomeLand_Apartment_Management_BE\\src\\app.service.ts","statementMap":{"0":{"start":{"line":1,"column":0},"end":{"line":1,"column":44}},"1":{"start":{"line":4,"column":7},"end":{"line":8,"column":null}},"2":{"start":{"line":6,"column":8},"end":{"line":6,"column":30}},"3":{"start":{"line":4,"column":13},"end":{"line":4,"column":23}},"4":{"start":{"line":4,"column":13},"end":{"line":8,"column":null}}},"fnMap":{"0":{"name":"(anonymous_1)","decl":{"start":{"line":5,"column":4},"end":{"line":5,"column":12}},"loc":{"start":{"line":5,"column":12},"end":{"line":7,"column":5}}}},"branchMap":{},"s":{"0":0,"1":0,"2":0,"3":0,"4":0},"f":{"0":0},"b":{}}
,"D:\\BE_HomeLander\\HomeLand_Apartment_Management_BE\\src\\main.ts": {"path":"D:\\BE_HomeLander\\HomeLand_Apartment_Management_BE\\src\\main.ts","statementMap":{"0":{"start":{"line":1,"column":0},"end":{"line":1,"column":54}},"1":{"start":{"line":2,"column":0},"end":{"line":2,"column":41}},"2":{"start":{"line":3,"column":0},"end":{"line":3,"column":76}},"3":{"start":{"line":4,"column":0},"end":{"line":4,"column":null}},"4":{"start":{"line":9,"column":0},"end":{"line":9,"column":82}},"5":{"start":{"line":11,"column":0},"end":{"line":11,"column":54}},"6":{"start":{"line":12,"column":0},"end":{"line":12,"column":69}},"7":{"start":{"line":13,"column":0},"end":{"line":13,"column":60}},"8":{"start":{"line":14,"column":0},"end":{"line":14,"column":63}},"9":{"start":{"line":15,"column":0},"end":{"line":15,"column":63}},"10":{"start":{"line":16,"column":0},"end":{"line":16,"column":24}},"11":{"start":{"line":19,"column":16},"end":{"line":19,"column":75}},"12":{"start":{"line":20,"column":4},"end":{"line":20,"column":57}},"13":{"start":{"line":21,"column":4},"end":{"line":27,"column":6}},"14":{"start":{"line":28,"column":4},"end":{"line":28,"column":21}},"15":{"start":{"line":29,"column":4},"end":{"line":31,"column":6}},"16":{"start":{"line":32,"column":4},"end":{"line":32,"column":55}},"17":{"start":{"line":34,"column":19},"end":{"line":39,"column":16}},"18":{"start":{"line":41,"column":43},"end":{"line":44,"column":6}},"19":{"start":{"line":45,"column":21},"end":{"line":45,"column":70}},"20":{"start":{"line":47,"column":4},"end":{"line":52,"column":7}},"21":{"start":{"line":54,"column":4},"end":{"line":54,"column":47}},"22":{"start":{"line":56,"column":0},"end":{"line":56,"column":12}}},"fnMap":{"0":{"name":"bootstrap","decl":{"start":{"line":18,"column":15},"end":{"line":18,"column":24}},"loc":{"start":{"line":18,"column":24},"end":{"line":55,"column":1}}}},"branchMap":{"0":{"loc":{"start":{"line":54,"column":21},"end":{"line":54,"column":45}},"type":"binary-expr","locations":[{"start":{"line":54,"column":21},"end":{"line":54,"column":37}},{"start":{"line":54,"column":41},"end":{"line":54,"column":45}}]}},"s":{"0":0,"1":0,"2":0,"3":0,"4":0,"5":0,"6":0,"7":0,"8":0,"9":0,"10":0,"11":0,"12":0,"13":0,"14":0,"15":0,"16":0,"17":0,"18":0,"19":0,"20":0,"21":0,"22":0},"f":{"0":0},"b":{"0":[0,0]}}
,"D:\\BE_HomeLander\\HomeLand_Apartment_Management_BE\\src\\account\\account.controller.ts": {"path":"D:\\BE_HomeLander\\HomeLand_Apartment_Management_BE\\src\\account\\account.controller.ts","statementMap":{"0":{"start":{"line":1,"column":0},"end":{"line":1,"column":76}},"1":{"start":{"line":2,"column":0},"end":{"line":2,"column":51}},"2":{"start":{"line":3,"column":0},"end":{"line":3,"column":60}},"3":{"start":{"line":6,"column":7},"end":{"line":28,"column":null}},"4":{"start":{"line":7,"column":33},"end":{"line":7,"column":49}},"5":{"start":{"line":11,"column":8},"end":{"line":11,"column":60}},"6":{"start":{"line":16,"column":8},"end":{"line":16,"column":45}},"7":{"start":{"line":21,"column":8},"end":{"line":21,"column":48}},"8":{"start":{"line":26,"column":8},"end":{"line":26,"column":47}},"9":{"start":{"line":6,"column":13},"end":{"line":6,"column":30}},"10":{"start":{"line":10,"column":4},"end":{"line":12,"column":null}},"11":{"start":{"line":15,"column":4},"end":{"line":17,"column":null}},"12":{"start":{"line":20,"column":4},"end":{"line":22,"column":null}},"13":{"start":{"line":25,"column":4},"end":{"line":27,"column":null}},"14":{"start":{"line":6,"column":13},"end":{"line":28,"column":null}}},"fnMap":{"0":{"name":"(anonymous_4)","decl":{"start":{"line":7,"column":4},"end":{"line":7,"column":33}},"loc":{"start":{"line":7,"column":63},"end":{"line":7,"column":67}}},"1":{"name":"(anonymous_5)","decl":{"start":{"line":10,"column":4},"end":{"line":10,"column":10}},"loc":{"start":{"line":10,"column":53},"end":{"line":12,"column":5}}},"2":{"name":"(anonymous_6)","decl":{"start":{"line":15,"column":4},"end":{"line":15,"column":11}},"loc":{"start":{"line":15,"column":11},"end":{"line":17,"column":5}}},"3":{"name":"(anonymous_7)","decl":{"start":{"line":20,"column":4},"end":{"line":20,"column":11}},"loc":{"start":{"line":20,"column":35},"end":{"line":22,"column":5}}},"4":{"name":"(anonymous_8)","decl":{"start":{"line":25,"column":4},"end":{"line":25,"column":10}},"loc":{"start":{"line":25,"column":34},"end":{"line":27,"column":5}}}},"branchMap":{},"s":{"0":1,"1":1,"2":1,"3":1,"4":1,"5":0,"6":0,"7":0,"8":0,"9":1,"10":1,"11":1,"12":1,"13":1,"14":1},"f":{"0":1,"1":0,"2":0,"3":0,"4":0},"b":{}}
,"D:\\BE_HomeLander\\HomeLand_Apartment_Management_BE\\src\\account\\account.module.ts": {"path":"D:\\BE_HomeLander\\HomeLand_Apartment_Management_BE\\src\\account\\account.module.ts","statementMap":{"0":{"start":{"line":1,"column":0},"end":{"line":1,"column":40}},"1":{"start":{"line":2,"column":0},"end":{"line":2,"column":51}},"2":{"start":{"line":3,"column":0},"end":{"line":3,"column":57}},"3":{"start":{"line":9,"column":7},"end":{"line":9,"column":null}},"4":{"start":{"line":9,"column":13},"end":{"line":9,"column":26}},"5":{"start":{"line":9,"column":13},"end":{"line":9,"column":null}}},"fnMap":{},"branchMap":{},"s":{"0":0,"1":0,"2":0,"3":0,"4":0,"5":0},"f":{},"b":{}}
,"D:\\BE_HomeLander\\HomeLand_Apartment_Management_BE\\src\\account\\account.service.ts": {"path":"D:\\BE_HomeLander\\HomeLand_Apartment_Management_BE\\src\\account\\account.service.ts","statementMap":{"0":{"start":{"line":1,"column":0},"end":{"line":1,"column":44}},"1":{"start":{"line":5,"column":7},"end":{"line":21,"column":null}},"2":{"start":{"line":7,"column":8},"end":{"line":7,"column":48}},"3":{"start":{"line":11,"column":8},"end":{"line":11,"column":49}},"4":{"start":{"line":15,"column":8},"end":{"line":15,"column":54}},"5":{"start":{"line":19,"column":8},"end":{"line":19,"column":54}},"6":{"start":{"line":5,"column":13},"end":{"line":5,"column":27}},"7":{"start":{"line":5,"column":13},"end":{"line":21,"column":null}}},"fnMap":{"0":{"name":"(anonymous_1)","decl":{"start":{"line":6,"column":4},"end":{"line":6,"column":10}},"loc":{"start":{"line":6,"column":45},"end":{"line":8,"column":5}}},"1":{"name":"(anonymous_2)","decl":{"start":{"line":10,"column":4},"end":{"line":10,"column":11}},"loc":{"start":{"line":10,"column":11},"end":{"line":12,"column":5}}},"2":{"name":"(anonymous_3)","decl":{"start":{"line":14,"column":4},"end":{"line":14,"column":11}},"loc":{"start":{"line":14,"column":22},"end":{"line":16,"column":5}}},"3":{"name":"(anonymous_4)","decl":{"start":{"line":18,"column":4},"end":{"line":18,"column":10}},"loc":{"start":{"line":18,"column":21},"end":{"line":20,"column":5}}}},"branchMap":{},"s":{"0":2,"1":2,"2":0,"3":0,"4":0,"5":0,"6":2,"7":2},"f":{"0":0,"1":0,"2":0,"3":0},"b":{}}
,"D:\\BE_HomeLander\\HomeLand_Apartment_Management_BE\\src\\account\\dto\\create-account.dto.ts": {"path":"D:\\BE_HomeLander\\HomeLand_Apartment_Management_BE\\src\\account\\dto\\create-account.dto.ts","statementMap":{"0":{"start":{"line":1,"column":0},"end":{"line":1,"column":46}},"1":{"start":{"line":2,"column":0},"end":{"line":2,"column":52}},"2":{"start":{"line":4,"column":0},"end":{"line":4,"column":13}},"3":{"start":{"line":11,"column":4},"end":{"line":11,"column":null}},"4":{"start":{"line":17,"column":4},"end":{"line":17,"column":null}}},"fnMap":{},"branchMap":{},"s":{"0":1,"1":1,"2":1,"3":1,"4":1},"f":{},"b":{}}
,"D:\\BE_HomeLander\\HomeLand_Apartment_Management_BE\\src\\account\\entities\\account.entity.ts": {"path":"D:\\BE_HomeLander\\HomeLand_Apartment_Management_BE\\src\\account\\entities\\account.entity.ts","statementMap":{"0":{"start":{"line":1,"column":0},"end":{"line":1,"column":46}},"1":{"start":{"line":2,"column":0},"end":{"line":2,"column":44}},"2":{"start":{"line":3,"column":0},"end":{"line":3,"column":52}},"3":{"start":{"line":4,"column":0},"end":{"line":4,"column":null}},"4":{"start":{"line":14,"column":0},"end":{"line":14,"column":67}},"5":{"start":{"line":15,"column":0},"end":{"line":15,"column":58}},"6":{"start":{"line":16,"column":0},"end":{"line":16,"column":73}},"7":{"start":{"line":17,"column":0},"end":{"line":17,"column":64}},"8":{"start":{"line":20,"column":7},"end":{"line":82,"column":null}},"9":{"start":{"line":73,"column":28},"end":{"line":73,"column":30}},"10":{"start":{"line":74,"column":8},"end":{"line":74,"column":54}},"11":{"start":{"line":74,"column":27},"end":{"line":74,"column":54}},"12":{"start":{"line":75,"column":8},"end":{"line":75,"column":48}},"13":{"start":{"line":75,"column":24},"end":{"line":75,"column":48}},"14":{"start":{"line":76,"column":8},"end":{"line":76,"column":58}},"15":{"start":{"line":76,"column":29},"end":{"line":76,"column":58}},"16":{"start":{"line":77,"column":8},"end":{"line":77,"column":52}},"17":{"start":{"line":77,"column":26},"end":{"line":77,"column":52}},"18":{"start":{"line":78,"column":8},"end":{"line":80,"column":null}},"19":{"start":{"line":79,"column":12},"end":{"line":79,"column":64}},"20":{"start":{"line":20,"column":13},"end":{"line":20,"column":20}},"21":{"start":{"line":26,"column":4},"end":{"line":26,"column":null}},"22":{"start":{"line":31,"column":4},"end":{"line":31,"column":null}},"23":{"start":{"line":28,"column":20},"end":{"line":28,"column":28}},"24":{"start":{"line":28,"column":44},"end":{"line":28,"column":60}},"25":{"start":{"line":34,"column":4},"end":{"line":34,"column":null}},"26":{"start":{"line":33,"column":20},"end":{"line":33,"column":25}},"27":{"start":{"line":33,"column":38},"end":{"line":33,"column":51}},"28":{"start":{"line":39,"column":4},"end":{"line":39,"column":null}},"29":{"start":{"line":36,"column":20},"end":{"line":36,"column":30}},"30":{"start":{"line":36,"column":48},"end":{"line":36,"column":66}},"31":{"start":{"line":44,"column":4},"end":{"line":44,"column":null}},"32":{"start":{"line":41,"column":20},"end":{"line":41,"column":27}},"33":{"start":{"line":41,"column":42},"end":{"line":41,"column":57}},"34":{"start":{"line":49,"column":4},"end":{"line":49,"column":null}},"35":{"start":{"line":55,"column":4},"end":{"line":55,"column":null}},"36":{"start":{"line":59,"column":4},"end":{"line":59,"column":null}},"37":{"start":{"line":62,"column":4},"end":{"line":62,"column":null}},"38":{"start":{"line":65,"column":4},"end":{"line":65,"column":null}},"39":{"start":{"line":68,"column":4},"end":{"line":68,"column":null}},"40":{"start":{"line":72,"column":10},"end":{"line":81,"column":null}},"41":{"start":{"line":20,"column":13},"end":{"line":82,"column":null}}},"fnMap":{"0":{"name":"(anonymous_2)","decl":{"start":{"line":72,"column":4},"end":{"line":72,"column":9}},"loc":{"start":{"line":72,"column":42},"end":{"line":81,"column":5}}},"1":{"name":"(anonymous_3)","decl":{"start":{"line":28,"column":14},"end":{"line":28,"column":17}},"loc":{"start":{"line":28,"column":20},"end":{"line":28,"column":28}}},"2":{"name":"(anonymous_4)","decl":{"start":{"line":28,"column":30},"end":{"line":28,"column":31}},"loc":{"start":{"line":28,"column":44},"end":{"line":28,"column":60}}},"3":{"name":"(anonymous_5)","decl":{"start":{"line":33,"column":14},"end":{"line":33,"column":17}},"loc":{"start":{"line":33,"column":20},"end":{"line":33,"column":25}}},"4":{"name":"(anonymous_6)","decl":{"start":{"line":33,"column":27},"end":{"line":33,"column":28}},"loc":{"start":{"line":33,"column":38},"end":{"line":33,"column":51}}},"5":{"name":"(anonymous_7)","decl":{"start":{"line":36,"column":14},"end":{"line":36,"column":17}},"loc":{"start":{"line":36,"column":20},"end":{"line":36,"column":30}}},"6":{"name":"(anonymous_8)","decl":{"start":{"line":36,"column":32},"end":{"line":36,"column":33}},"loc":{"start":{"line":36,"column":48},"end":{"line":36,"column":66}}},"7":{"name":"(anonymous_9)","decl":{"start":{"line":41,"column":14},"end":{"line":41,"column":17}},"loc":{"start":{"line":41,"column":20},"end":{"line":41,"column":27}}},"8":{"name":"(anonymous_10)","decl":{"start":{"line":41,"column":29},"end":{"line":41,"column":30}},"loc":{"start":{"line":41,"column":42},"end":{"line":41,"column":57}}}},"branchMap":{"0":{"loc":{"start":{"line":74,"column":8},"end":{"line":74,"column":54}},"type":"if","locations":[{"start":{"line":74,"column":8},"end":{"line":74,"column":54}}]},"1":{"loc":{"start":{"line":75,"column":8},"end":{"line":75,"column":48}},"type":"if","locations":[{"start":{"line":75,"column":8},"end":{"line":75,"column":48}}]},"2":{"loc":{"start":{"line":76,"column":8},"end":{"line":76,"column":58}},"type":"if","locations":[{"start":{"line":76,"column":8},"end":{"line":76,"column":58}}]},"3":{"loc":{"start":{"line":77,"column":8},"end":{"line":77,"column":52}},"type":"if","locations":[{"start":{"line":77,"column":8},"end":{"line":77,"column":52}}]},"4":{"loc":{"start":{"line":78,"column":8},"end":{"line":80,"column":null}},"type":"if","locations":[{"start":{"line":78,"column":8},"end":{"line":80,"column":null}}]}},"s":{"0":7,"1":7,"2":7,"3":7,"4":7,"5":7,"6":7,"7":7,"8":7,"9":0,"10":0,"11":0,"12":0,"13":0,"14":0,"15":0,"16":0,"17":0,"18":0,"19":0,"20":7,"21":7,"22":7,"23":0,"24":0,"25":7,"26":0,"27":0,"28":7,"29":0,"30":0,"31":7,"32":0,"33":0,"34":7,"35":7,"36":7,"37":7,"38":7,"39":7,"40":7,"41":7},"f":{"0":0,"1":0,"2":0,"3":0,"4":0,"5":0,"6":0,"7":0,"8":0},"b":{"0":[0],"1":[0],"2":[0],"3":[0],"4":[0]}}
,"D:\\BE_HomeLander\\HomeLand_Apartment_Management_BE\\src\\admin\\admin.module.ts": {"path":"D:\\BE_HomeLander\\HomeLand_Apartment_Management_BE\\src\\admin\\admin.module.ts","statementMap":{"0":{"start":{"line":1,"column":0},"end":{"line":1,"column":40}},"1":{"start":{"line":2,"column":0},"end":{"line":2,"column":46}},"2":{"start":{"line":10,"column":7},"end":{"line":10,"column":null}},"3":{"start":{"line":10,"column":13},"end":{"line":10,"column":24}},"4":{"start":{"line":10,"column":13},"end":{"line":10,"column":null}}},"fnMap":{},"branchMap":{},"s":{"0":0,"1":0,"2":0,"3":0,"4":0},"f":{},"b":{}}
,"D:\\BE_HomeLander\\HomeLand_Apartment_Management_BE\\src\\admin\\admin.sub.ts": {"path":"D:\\BE_HomeLander\\HomeLand_Apartment_Management_BE\\src\\admin\\admin.sub.ts","statementMap":{"0":{"start":{"line":1,"column":0},"end":{"line":1,"column":null}},"1":{"start":{"line":8,"column":0},"end":{"line":8,"column":61}},"2":{"start":{"line":9,"column":0},"end":{"line":9,"column":48}},"3":{"start":{"line":12,"column":7},"end":{"line":49,"column":null}},"4":{"start":{"line":14,"column":8},"end":{"line":14,"column":42}},"5":{"start":{"line":18,"column":8},"end":{"line":18,"column":21}},"6":{"start":{"line":25,"column":8},"end":{"line":25,"column":77}},"7":{"start":{"line":25,"column":27},"end":{"line":25,"column":77}},"8":{"start":{"line":32,"column":8},"end":{"line":36,"column":14}},"9":{"start":{"line":33,"column":12},"end":{"line":36,"column":14}},"10":{"start":{"line":43,"column":8},"end":{"line":47,"column":14}},"11":{"start":{"line":44,"column":12},"end":{"line":47,"column":14}},"12":{"start":{"line":12,"column":13},"end":{"line":12,"column":28}},"13":{"start":{"line":12,"column":13},"end":{"line":49,"column":null}}},"fnMap":{"0":{"name":"(anonymous_2)","decl":{"start":{"line":13,"column":4},"end":{"line":13,"column":16}},"loc":{"start":{"line":13,"column":38},"end":{"line":15,"column":5}}},"1":{"name":"(anonymous_3)","decl":{"start":{"line":17,"column":4},"end":{"line":17,"column":12}},"loc":{"start":{"line":17,"column":12},"end":{"line":19,"column":5}}},"2":{"name":"(anonymous_4)","decl":{"start":{"line":21,"column":12},"end":{"line":21,"column":17}},"loc":{"start":{"line":23,"column":46},"end":{"line":26,"column":5}}},"3":{"name":"(anonymous_5)","decl":{"start":{"line":31,"column":4},"end":{"line":31,"column":9}},"loc":{"start":{"line":31,"column":56},"end":{"line":37,"column":5}}},"4":{"name":"(anonymous_6)","decl":{"start":{"line":42,"column":4},"end":{"line":42,"column":9}},"loc":{"start":{"line":42,"column":52},"end":{"line":48,"column":5}}}},"branchMap":{"0":{"loc":{"start":{"line":25,"column":8},"end":{"line":25,"column":77}},"type":"if","locations":[{"start":{"line":25,"column":8},"end":{"line":25,"column":77}}]},"1":{"loc":{"start":{"line":32,"column":8},"end":{"line":36,"column":14}},"type":"if","locations":[{"start":{"line":32,"column":8},"end":{"line":36,"column":14}}]},"2":{"loc":{"start":{"line":43,"column":8},"end":{"line":47,"column":14}},"type":"if","locations":[{"start":{"line":43,"column":8},"end":{"line":47,"column":14}}]}},"s":{"0":0,"1":0,"2":0,"3":0,"4":0,"5":0,"6":0,"7":0,"8":0,"9":0,"10":0,"11":0,"12":0,"13":0},"f":{"0":0,"1":0,"2":0,"3":0,"4":0},"b":{"0":[0],"1":[0],"2":[0]}}
,"D:\\BE_HomeLander\\HomeLand_Apartment_Management_BE\\src\\admin\\entities\\admin.entity.ts": {"path":"D:\\BE_HomeLander\\HomeLand_Apartment_Management_BE\\src\\admin\\entities\\admin.entity.ts","statementMap":{"0":{"start":{"line":1,"column":0},"end":{"line":1,"column":null}},"1":{"start":{"line":10,"column":0},"end":{"line":10,"column":72}},"2":{"start":{"line":11,"column":0},"end":{"line":11,"column":64}},"3":{"start":{"line":14,"column":7},"end":{"line":35,"column":null}},"4":{"start":{"line":34,"column":4},"end":{"line":34,"column":28}},"5":{"start":{"line":14,"column":13},"end":{"line":14,"column":18}},"6":{"start":{"line":16,"column":4},"end":{"line":16,"column":null}},"7":{"start":{"line":19,"column":4},"end":{"line":19,"column":null}},"8":{"start":{"line":18,"column":18},"end":{"line":18,"column":25}},"9":{"start":{"line":26,"column":4},"end":{"line":26,"column":null}},"10":{"start":{"line":21,"column":20},"end":{"line":21,"column":27}},"11":{"start":{"line":29,"column":4},"end":{"line":29,"column":null}},"12":{"start":{"line":32,"column":4},"end":{"line":32,"column":null}},"13":{"start":{"line":14,"column":13},"end":{"line":35,"column":null}}},"fnMap":{"0":{"name":"(anonymous_2)","decl":{"start":{"line":14,"column":7},"end":{"line":14,"column":13}},"loc":{"start":{"line":14,"column":7},"end":{"line":35,"column":1}}},"1":{"name":"(anonymous_3)","decl":{"start":{"line":18,"column":12},"end":{"line":18,"column":15}},"loc":{"start":{"line":18,"column":18},"end":{"line":18,"column":25}}},"2":{"name":"(anonymous_4)","decl":{"start":{"line":21,"column":14},"end":{"line":21,"column":17}},"loc":{"start":{"line":21,"column":20},"end":{"line":21,"column":27}}}},"branchMap":{},"s":{"0":7,"1":7,"2":7,"3":7,"4":0,"5":7,"6":7,"7":7,"8":0,"9":7,"10":0,"11":7,"12":7,"13":7},"f":{"0":0,"1":0,"2":0},"b":{}}
,"D:\\BE_HomeLander\\HomeLand_Apartment_Management_BE\\src\\apartment\\apartment.controller.ts": {"path":"D:\\BE_HomeLander\\HomeLand_Apartment_Management_BE\\src\\apartment\\apartment.controller.ts","statementMap":{"0":{"start":{"line":1,"column":0},"end":{"line":1,"column":null}},"1":{"start":{"line":11,"column":0},"end":{"line":11,"column":55}},"2":{"start":{"line":12,"column":0},"end":{"line":12,"column":64}},"3":{"start":{"line":14,"column":0},"end":{"line":14,"column":65}},"4":{"start":{"line":15,"column":0},"end":{"line":15,"column":51}},"5":{"start":{"line":16,"column":0},"end":{"line":16,"column":64}},"6":{"start":{"line":20,"column":7},"end":{"line":66,"column":null}},"7":{"start":{"line":21,"column":33},"end":{"line":21,"column":54}},"8":{"start":{"line":27,"column":8},"end":{"line":27,"column":67}},"9":{"start":{"line":38,"column":8},"end":{"line":39,"column":59}},"10":{"start":{"line":38,"column":32},"end":{"line":38,"column":74}},"11":{"start":{"line":39,"column":13},"end":{"line":39,"column":59}},"12":{"start":{"line":44,"column":26},"end":{"line":44,"column":68}},"13":{"start":{"line":45,"column":8},"end":{"line":45,"column":40}},"14":{"start":{"line":45,"column":23},"end":{"line":45,"column":40}},"15":{"start":{"line":46,"column":8},"end":{"line":46,"column":59}},"16":{"start":{"line":62,"column":8},"end":{"line":64,"column":null}},"17":{"start":{"line":63,"column":12},"end":{"line":63,"column":42}},"18":{"start":{"line":20,"column":13},"end":{"line":20,"column":32}},"19":{"start":{"line":26,"column":4},"end":{"line":28,"column":null}},"20":{"start":{"line":37,"column":4},"end":{"line":40,"column":null}},"21":{"start":{"line":43,"column":10},"end":{"line":47,"column":null}},"22":{"start":{"line":58,"column":10},"end":{"line":65,"column":null}},"23":{"start":{"line":20,"column":13},"end":{"line":66,"column":null}}},"fnMap":{"0":{"name":"(anonymous_4)","decl":{"start":{"line":21,"column":4},"end":{"line":21,"column":33}},"loc":{"start":{"line":21,"column":70},"end":{"line":21,"column":74}}},"1":{"name":"(anonymous_5)","decl":{"start":{"line":26,"column":4},"end":{"line":26,"column":10}},"loc":{"start":{"line":26,"column":57},"end":{"line":28,"column":5}}},"2":{"name":"(anonymous_6)","decl":{"start":{"line":37,"column":4},"end":{"line":37,"column":11}},"loc":{"start":{"line":37,"column":39},"end":{"line":40,"column":5}}},"3":{"name":"(anonymous_7)","decl":{"start":{"line":43,"column":4},"end":{"line":43,"column":9}},"loc":{"start":{"line":43,"column":41},"end":{"line":47,"column":5}}},"4":{"name":"(anonymous_8)","decl":{"start":{"line":58,"column":4},"end":{"line":58,"column":9}},"loc":{"start":{"line":60,"column":54},"end":{"line":65,"column":5}}}},"branchMap":{"0":{"loc":{"start":{"line":38,"column":8},"end":{"line":39,"column":59}},"type":"if","locations":[{"start":{"line":38,"column":8},"end":{"line":39,"column":59}},{"start":{"line":39,"column":13},"end":{"line":39,"column":59}}]},"1":{"loc":{"start":{"line":45,"column":8},"end":{"line":45,"column":40}},"type":"if","locations":[{"start":{"line":45,"column":8},"end":{"line":45,"column":40}}]},"2":{"loc":{"start":{"line":62,"column":8},"end":{"line":64,"column":null}},"type":"if","locations":[{"start":{"line":62,"column":8},"end":{"line":64,"column":null}}]}},"s":{"0":1,"1":1,"2":1,"3":1,"4":1,"5":1,"6":1,"7":7,"8":1,"9":1,"10":0,"11":1,"12":3,"13":2,"14":2,"15":0,"16":2,"17":1,"18":1,"19":1,"20":1,"21":1,"22":1,"23":1},"f":{"0":7,"1":1,"2":1,"3":3,"4":2},"b":{"0":[0,1],"1":[2],"2":[1]}}
,"D:\\BE_HomeLander\\HomeLand_Apartment_Management_BE\\src\\apartment\\apartment.module.ts": {"path":"D:\\BE_HomeLander\\HomeLand_Apartment_Management_BE\\src\\apartment\\apartment.module.ts","statementMap":{"0":{"start":{"line":1,"column":0},"end":{"line":1,"column":40}},"1":{"start":{"line":2,"column":0},"end":{"line":2,"column":76}},"2":{"start":{"line":3,"column":0},"end":{"line":3,"column":61}},"3":{"start":{"line":4,"column":0},"end":{"line":4,"column":48}},"4":{"start":{"line":5,"column":0},"end":{"line":5,"column":56}},"5":{"start":{"line":6,"column":0},"end":{"line":6,"column":72}},"6":{"start":{"line":7,"column":0},"end":{"line":7,"column":58}},"7":{"start":{"line":8,"column":0},"end":{"line":8,"column":64}},"8":{"start":{"line":25,"column":7},"end":{"line":25,"column":null}},"9":{"start":{"line":25,"column":13},"end":{"line":25,"column":28}},"10":{"start":{"line":25,"column":13},"end":{"line":25,"column":null}}},"fnMap":{},"branchMap":{},"s":{"0":0,"1":0,"2":0,"3":0,"4":0,"5":0,"6":0,"7":0,"8":0,"9":0,"10":0},"f":{},"b":{}}
,"D:\\BE_HomeLander\\HomeLand_Apartment_Management_BE\\src\\apartment\\apartment.service.ts": {"path":"D:\\BE_HomeLander\\HomeLand_Apartment_Management_BE\\src\\apartment\\apartment.service.ts","statementMap":{"0":{"start":{"line":1,"column":0},"end":{"line":1,"column":null}},"1":{"start":{"line":8,"column":0},"end":{"line":8,"column":53}},"2":{"start":{"line":9,"column":0},"end":{"line":9,"column":56}},"3":{"start":{"line":10,"column":0},"end":{"line":10,"column":69}},"4":{"start":{"line":11,"column":0},"end":{"line":11,"column":74}},"5":{"start":{"line":12,"column":0},"end":{"line":12,"column":67}},"6":{"start":{"line":14,"column":0},"end":{"line":14,"column":64}},"7":{"start":{"line":16,"column":0},"end":{"line":16,"column":46}},"8":{"start":{"line":22,"column":0},"end":{"line":22,"column":22}},"9":{"start":{"line":55,"column":7},"end":{"line":232,"column":null}},"10":{"start":{"line":66,"column":8},"end":{"line":66,"column":16}},"11":{"start":{"line":58,"column":25},"end":{"line":58,"column":46}},"12":{"start":{"line":60,"column":25},"end":{"line":60,"column":45}},"13":{"start":{"line":62,"column":25},"end":{"line":62,"column":37}},"14":{"start":{"line":63,"column":25},"end":{"line":63,"column":37}},"15":{"start":{"line":64,"column":25},"end":{"line":64,"column":41}},"16":{"start":{"line":73,"column":36},"end":{"line":73,"column":54}},"17":{"start":{"line":74,"column":24},"end":{"line":74,"column":61}},"18":{"start":{"line":75,"column":8},"end":{"line":75,"column":70}},"19":{"start":{"line":76,"column":8},"end":{"line":76,"column":44}},"20":{"start":{"line":76,"column":16},"end":{"line":76,"column":44}},"21":{"start":{"line":77,"column":29},"end":{"line":77,"column":64}},"22":{"start":{"line":78,"column":60},"end":{"line":78,"column":62}},"23":{"start":{"line":79,"column":8},"end":{"line":126,"column":null}},"24":{"start":{"line":80,"column":12},"end":{"line":80,"column":41}},"25":{"start":{"line":81,"column":12},"end":{"line":81,"column":50}},"26":{"start":{"line":82,"column":12},"end":{"line":92,"column":14}},"27":{"start":{"line":84,"column":20},"end":{"line":89,"column":null}},"28":{"start":{"line":94,"column":12},"end":{"line":96,"column":null}},"29":{"start":{"line":95,"column":16},"end":{"line":95,"column":67}},"30":{"start":{"line":98,"column":12},"end":{"line":98,"column":78}},"31":{"start":{"line":98,"column":64},"end":{"line":98,"column":76}},"32":{"start":{"line":100,"column":12},"end":{"line":107,"column":null}},"33":{"start":{"line":101,"column":34},"end":{"line":103,"column":18}},"34":{"start":{"line":104,"column":16},"end":{"line":105,"column":75}},"35":{"start":{"line":105,"column":20},"end":{"line":105,"column":75}},"36":{"start":{"line":106,"column":16},"end":{"line":106,"column":48}},"37":{"start":{"line":109,"column":12},"end":{"line":109,"column":71}},"38":{"start":{"line":110,"column":12},"end":{"line":110,"column":51}},"39":{"start":{"line":111,"column":12},"end":{"line":111,"column":29}},"40":{"start":{"line":113,"column":12},"end":{"line":113,"column":53}},"41":{"start":{"line":114,"column":12},"end":{"line":120,"column":14}},"42":{"start":{"line":117,"column":24},"end":{"line":117,"column":56}},"43":{"start":{"line":119,"column":32},"end":{"line":119,"column":39}},"44":{"start":{"line":122,"column":12},"end":{"line":122,"column":33}},"45":{"start":{"line":123,"column":12},"end":{"line":123,"column":24}},"46":{"start":{"line":125,"column":12},"end":{"line":125,"column":41}},"47":{"start":{"line":130,"column":8},"end":{"line":135,"column":null}},"48":{"start":{"line":131,"column":12},"end":{"line":134,"column":15}},"49":{"start":{"line":137,"column":8},"end":{"line":137,"column":53}},"50":{"start":{"line":141,"column":8},"end":{"line":143,"column":11}},"51":{"start":{"line":150,"column":36},"end":{"line":150,"column":38}},"52":{"start":{"line":151,"column":29},"end":{"line":151,"column":64}},"53":{"start":{"line":152,"column":8},"end":{"line":202,"column":null}},"54":{"start":{"line":153,"column":12},"end":{"line":153,"column":44}},"55":{"start":{"line":154,"column":38},"end":{"line":154,"column":56}},"56":{"start":{"line":155,"column":28},"end":{"line":158,"column":14}},"57":{"start":{"line":160,"column":12},"end":{"line":160,"column":79}},"58":{"start":{"line":160,"column":28},"end":{"line":160,"column":79}},"59":{"start":{"line":162,"column":12},"end":{"line":191,"column":null}},"60":{"start":{"line":163,"column":16},"end":{"line":164,"column":72}},"61":{"start":{"line":164,"column":20},"end":{"line":164,"column":72}},"62":{"start":{"line":166,"column":34},"end":{"line":178,"column":null}},"63":{"start":{"line":168,"column":24},"end":{"line":168,"column":62}},"64":{"start":{"line":168,"column":47},"end":{"line":168,"column":62}},"65":{"start":{"line":169,"column":43},"end":{"line":171,"column":26}},"66":{"start":{"line":172,"column":24},"end":{"line":172,"column":53}},"67":{"start":{"line":173,"column":24},"end":{"line":177,"column":26}},"68":{"start":{"line":181,"column":16},"end":{"line":182,"column":71}},"69":{"start":{"line":182,"column":20},"end":{"line":182,"column":71}},"70":{"start":{"line":184,"column":37},"end":{"line":184,"column":76}},"71":{"start":{"line":184,"column":63},"end":{"line":184,"column":75}},"72":{"start":{"line":186,"column":16},"end":{"line":186,"column":75}},"73":{"start":{"line":187,"column":16},"end":{"line":189,"column":18}},"74":{"start":{"line":190,"column":16},"end":{"line":190,"column":51}},"75":{"start":{"line":192,"column":12},"end":{"line":192,"column":71}},"76":{"start":{"line":193,"column":12},"end":{"line":193,"column":24}},"77":{"start":{"line":195,"column":12},"end":{"line":195,"column":53}},"78":{"start":{"line":196,"column":12},"end":{"line":197,"column":62}},"79":{"start":{"line":197,"column":16},"end":{"line":197,"column":62}},"80":{"start":{"line":198,"column":12},"end":{"line":198,"column":33}},"81":{"start":{"line":199,"column":12},"end":{"line":199,"column":24}},"82":{"start":{"line":201,"column":12},"end":{"line":201,"column":41}},"83":{"start":{"line":208,"column":8},"end":{"line":208,"column":45}},"84":{"start":{"line":214,"column":8},"end":{"line":214,"column":72}},"85":{"start":{"line":214,"column":41},"end":{"line":214,"column":70}},"86":{"start":{"line":221,"column":29},"end":{"line":222,"column":null}},"87":{"start":{"line":222,"column":12},"end":{"line":222,"column":27}},"88":{"start":{"line":225,"column":8},"end":{"line":225,"column":75}},"89":{"start":{"line":225,"column":63},"end":{"line":225,"column":75}},"90":{"start":{"line":226,"column":8},"end":{"line":226,"column":21}},"91":{"start":{"line":230,"column":8},"end":{"line":230,"column":51}},"92":{"start":{"line":55,"column":13},"end":{"line":55,"column":32}},"93":{"start":{"line":55,"column":13},"end":{"line":232,"column":null}}},"fnMap":{"0":{"name":"(anonymous_4)","decl":{"start":{"line":56,"column":4},"end":{"line":56,"column":null}},"loc":{"start":{"line":64,"column":55},"end":{"line":67,"column":5}}},"1":{"name":"(anonymous_5)","decl":{"start":{"line":69,"column":4},"end":{"line":69,"column":9}},"loc":{"start":{"line":71,"column":19},"end":{"line":127,"column":5}}},"2":{"name":"(anonymous_6)","decl":{"start":{"line":83,"column":46},"end":{"line":83,"column":47}},"loc":{"start":{"line":84,"column":20},"end":{"line":89,"column":null}}},"3":{"name":"(anonymous_7)","decl":{"start":{"line":98,"column":52},"end":{"line":98,"column":53}},"loc":{"start":{"line":98,"column":64},"end":{"line":98,"column":76}}},"4":{"name":"(anonymous_8)","decl":{"start":{"line":116,"column":28},"end":{"line":116,"column":29}},"loc":{"start":{"line":117,"column":24},"end":{"line":117,"column":56}}},"5":{"name":"(anonymous_9)","decl":{"start":{"line":119,"column":25},"end":{"line":119,"column":26}},"loc":{"start":{"line":119,"column":32},"end":{"line":119,"column":39}}},"6":{"name":"(anonymous_10)","decl":{"start":{"line":129,"column":4},"end":{"line":129,"column":9}},"loc":{"start":{"line":129,"column":31},"end":{"line":138,"column":5}}},"7":{"name":"(anonymous_11)","decl":{"start":{"line":140,"column":4},"end":{"line":140,"column":9}},"loc":{"start":{"line":140,"column":28},"end":{"line":144,"column":5}}},"8":{"name":"(anonymous_12)","decl":{"start":{"line":146,"column":4},"end":{"line":146,"column":9}},"loc":{"start":{"line":148,"column":46},"end":{"line":203,"column":5}}},"9":{"name":"(anonymous_13)","decl":{"start":{"line":167,"column":31},"end":{"line":167,"column":32}},"loc":{"start":{"line":167,"column":50},"end":{"line":178,"column":21}}},"10":{"name":"(anonymous_14)","decl":{"start":{"line":184,"column":51},"end":{"line":184,"column":52}},"loc":{"start":{"line":184,"column":63},"end":{"line":184,"column":75}}},"11":{"name":"(anonymous_15)","decl":{"start":{"line":205,"column":12},"end":{"line":205,"column":36}},"loc":{"start":{"line":206,"column":39},"end":{"line":209,"column":5}}},"12":{"name":"(anonymous_16)","decl":{"start":{"line":211,"column":12},"end":{"line":211,"column":41}},"loc":{"start":{"line":212,"column":42},"end":{"line":215,"column":5}}},"13":{"name":"(anonymous_17)","decl":{"start":{"line":214,"column":29},"end":{"line":214,"column":30}},"loc":{"start":{"line":214,"column":41},"end":{"line":214,"column":70}}},"14":{"name":"(anonymous_18)","decl":{"start":{"line":217,"column":12},"end":{"line":217,"column":34}},"loc":{"start":{"line":219,"column":30},"end":{"line":227,"column":5}}},"15":{"name":"(anonymous_19)","decl":{"start":{"line":221,"column":46},"end":{"line":221,"column":47}},"loc":{"start":{"line":222,"column":12},"end":{"line":222,"column":27}}},"16":{"name":"(anonymous_20)","decl":{"start":{"line":229,"column":4},"end":{"line":229,"column":10}},"loc":{"start":{"line":229,"column":21},"end":{"line":231,"column":5}}}},"branchMap":{"0":{"loc":{"start":{"line":76,"column":8},"end":{"line":76,"column":44}},"type":"if","locations":[{"start":{"line":76,"column":8},"end":{"line":76,"column":44}}]},"1":{"loc":{"start":{"line":87,"column":50},"end":{"line":87,"column":75}},"type":"binary-expr","locations":[{"start":{"line":87,"column":50},"end":{"line":87,"column":65}},{"start":{"line":87,"column":69},"end":{"line":87,"column":75}}]},"2":{"loc":{"start":{"line":89,"column":24},"end":{"line":89,"column":65}},"type":"binary-expr","locations":[{"start":{"line":89,"column":24},"end":{"line":89,"column":50}},{"start":{"line":89,"column":54},"end":{"line":89,"column":65}}]},"3":{"loc":{"start":{"line":94,"column":12},"end":{"line":96,"column":null}},"type":"if","locations":[{"start":{"line":94,"column":12},"end":{"line":96,"column":null}}]},"4":{"loc":{"start":{"line":100,"column":12},"end":{"line":107,"column":null}},"type":"if","locations":[{"start":{"line":100,"column":12},"end":{"line":107,"column":null}}]},"5":{"loc":{"start":{"line":104,"column":16},"end":{"line":105,"column":75}},"type":"if","locations":[{"start":{"line":104,"column":16},"end":{"line":105,"column":75}}]},"6":{"loc":{"start":{"line":130,"column":8},"end":{"line":135,"column":null}},"type":"if","locations":[{"start":{"line":130,"column":8},"end":{"line":135,"column":null}}]},"7":{"loc":{"start":{"line":130,"column":12},"end":{"line":130,"column":45}},"type":"binary-expr","locations":[{"start":{"line":130,"column":12},"end":{"line":130,"column":29}},{"start":{"line":130,"column":33},"end":{"line":130,"column":45}}]},"8":{"loc":{"start":{"line":160,"column":12},"end":{"line":160,"column":79}},"type":"if","locations":[{"start":{"line":160,"column":12},"end":{"line":160,"column":79}}]},"9":{"loc":{"start":{"line":162,"column":12},"end":{"line":191,"column":null}},"type":"if","locations":[{"start":{"line":162,"column":12},"end":{"line":191,"column":null}}]},"10":{"loc":{"start":{"line":163,"column":16},"end":{"line":164,"column":72}},"type":"if","locations":[{"start":{"line":163,"column":16},"end":{"line":164,"column":72}}]},"11":{"loc":{"start":{"line":168,"column":24},"end":{"line":168,"column":62}},"type":"if","locations":[{"start":{"line":168,"column":24},"end":{"line":168,"column":62}}]},"12":{"loc":{"start":{"line":170,"column":50},"end":{"line":170,"column":77}},"type":"binary-expr","locations":[{"start":{"line":170,"column":50},"end":{"line":170,"column":67}},{"start":{"line":170,"column":71},"end":{"line":170,"column":77}}]},"13":{"loc":{"start":{"line":176,"column":28},"end":{"line":176,"column":66}},"type":"binary-expr","locations":[{"start":{"line":176,"column":28},"end":{"line":176,"column":56}},{"start":{"line":176,"column":60},"end":{"line":176,"column":66}}]},"14":{"loc":{"start":{"line":181,"column":16},"end":{"line":182,"column":71}},"type":"if","locations":[{"start":{"line":181,"column":16},"end":{"line":182,"column":71}}]},"15":{"loc":{"start":{"line":196,"column":12},"end":{"line":197,"column":62}},"type":"if","locations":[{"start":{"line":196,"column":12},"end":{"line":197,"column":62}}]},"16":{"loc":{"start":{"line":225,"column":8},"end":{"line":225,"column":75}},"type":"if","locations":[{"start":{"line":225,"column":8},"end":{"line":225,"column":75}}]}},"s":{"0":2,"1":2,"2":2,"3":2,"4":2,"5":2,"6":2,"7":2,"8":2,"9":2,"10":9,"11":9,"12":9,"13":9,"14":9,"15":9,"16":0,"17":0,"18":0,"19":0,"20":0,"21":0,"22":0,"23":0,"24":0,"25":0,"26":0,"27":0,"28":0,"29":0,"30":0,"31":0,"32":0,"33":0,"34":0,"35":0,"36":0,"37":0,"38":0,"39":0,"40":0,"41":0,"42":0,"43":0,"44":0,"45":0,"46":0,"47":0,"48":0,"49":0,"50":0,"51":0,"52":0,"53":0,"54":0,"55":0,"56":0,"57":0,"58":0,"59":0,"60":0,"61":0,"62":0,"63":0,"64":0,"65":0,"66":0,"67":0,"68":0,"69":0,"70":0,"71":0,"72":0,"73":0,"74":0,"75":0,"76":0,"77":0,"78":0,"79":0,"80":0,"81":0,"82":0,"83":0,"84":0,"85":0,"86":0,"87":0,"88":0,"89":0,"90":0,"91":0,"92":2,"93":2},"f":{"0":9,"1":0,"2":0,"3":0,"4":0,"5":0,"6":0,"7":0,"8":0,"9":0,"10":0,"11":0,"12":0,"13":0,"14":0,"15":0,"16":0},"b":{"0":[0],"1":[0,0],"2":[0,0],"3":[0],"4":[0],"5":[0],"6":[0],"7":[0,0],"8":[0],"9":[0],"10":[0],"11":[0],"12":[0,0],"13":[0,0],"14":[0],"15":[0],"16":[0]}}
,"D:\\BE_HomeLander\\HomeLand_Apartment_Management_BE\\src\\apartment\\isURLOrImageFile.ts": {"path":"D:\\BE_HomeLander\\HomeLand_Apartment_Management_BE\\src\\apartment\\isURLOrImageFile.ts","statementMap":{"0":{"start":{"line":1,"column":0},"end":{"line":1,"column":null}},"1":{"start":{"line":9,"column":0},"end":{"line":9,"column":null}},"2":{"start":{"line":15,"column":0},"end":{"line":15,"column":58}},"3":{"start":{"line":16,"column":0},"end":{"line":16,"column":52}},"4":{"start":{"line":17,"column":0},"end":{"line":17,"column":53}},"5":{"start":{"line":23,"column":4},"end":{"line":23,"column":null}},"6":{"start":{"line":28,"column":4},"end":{"line":28,"column":null}},"7":{"start":{"line":35,"column":7},"end":{"line":64,"column":null}},"8":{"start":{"line":40,"column":8},"end":{"line":62,"column":null}},"9":{"start":{"line":41,"column":12},"end":{"line":46,"column":15}},"10":{"start":{"line":47,"column":12},"end":{"line":47,"column":24}},"11":{"start":{"line":49,"column":12},"end":{"line":60,"column":null}},"12":{"start":{"line":50,"column":16},"end":{"line":59,"column":19}},"13":{"start":{"line":54,"column":28},"end":{"line":54,"column":57}},"14":{"start":{"line":55,"column":28},"end":{"line":55,"column":39}},"15":{"start":{"line":61,"column":12},"end":{"line":61,"column":30}},"16":{"start":{"line":35,"column":13},"end":{"line":35,"column":29}},"17":{"start":{"line":35,"column":13},"end":{"line":64,"column":null}}},"fnMap":{"0":{"name":"(anonymous_2)","decl":{"start":{"line":36,"column":4},"end":{"line":36,"column":9}},"loc":{"start":{"line":38,"column":61},"end":{"line":63,"column":5}}},"1":{"name":"(anonymous_3)","decl":{"start":{"line":53,"column":24},"end":{"line":53,"column":25}},"loc":{"start":{"line":53,"column":56},"end":{"line":56,"column":25}}}},"branchMap":{"0":{"loc":{"start":{"line":49,"column":12},"end":{"line":60,"column":null}},"type":"if","locations":[{"start":{"line":49,"column":12},"end":{"line":60,"column":null}}]}},"s":{"0":1,"1":1,"2":1,"3":1,"4":1,"5":1,"6":1,"7":1,"8":0,"9":0,"10":0,"11":0,"12":0,"13":0,"14":0,"15":0,"16":1,"17":1},"f":{"0":0,"1":0},"b":{"0":[0]}}
,"D:\\BE_HomeLander\\HomeLand_Apartment_Management_BE\\src\\apartment\\dto\\create-apartment.dto.ts": {"path":"D:\\BE_HomeLander\\HomeLand_Apartment_Management_BE\\src\\apartment\\dto\\create-apartment.dto.ts","statementMap":{"0":{"start":{"line":1,"column":0},"end":{"line":1,"column":56}},"1":{"start":{"line":2,"column":0},"end":{"line":2,"column":57}},"2":{"start":{"line":3,"column":0},"end":{"line":3,"column":55}},"3":{"start":{"line":4,"column":0},"end":{"line":4,"column":46}},"4":{"start":{"line":5,"column":0},"end":{"line":5,"column":null}},"5":{"start":{"line":11,"column":0},"end":{"line":11,"column":61}},"6":{"start":{"line":13,"column":0},"end":{"line":13,"column":13}},"7":{"start":{"line":32,"column":4},"end":{"line":32,"column":null}},"8":{"start":{"line":49,"column":4},"end":{"line":49,"column":null}},"9":{"start":{"line":46,"column":8},"end":{"line":46,"column":59}},"10":{"start":{"line":46,"column":44},"end":{"line":46,"column":59}},"11":{"start":{"line":47,"column":8},"end":{"line":47,"column":21}}},"fnMap":{"0":{"name":"(anonymous_2)","decl":{"start":{"line":45,"column":15},"end":{"line":45,"column":16}},"loc":{"start":{"line":45,"column":29},"end":{"line":48,"column":5}}}},"branchMap":{"0":{"loc":{"start":{"line":46,"column":8},"end":{"line":46,"column":59}},"type":"if","locations":[{"start":{"line":46,"column":8},"end":{"line":46,"column":59}}]},"1":{"loc":{"start":{"line":46,"column":12},"end":{"line":46,"column":42}},"type":"binary-expr","locations":[{"start":{"line":46,"column":12},"end":{"line":46,"column":17}},{"start":{"line":46,"column":21},"end":{"line":46,"column":42}}]}},"s":{"0":1,"1":1,"2":1,"3":1,"4":1,"5":1,"6":1,"7":1,"8":1,"9":0,"10":0,"11":0},"f":{"0":0},"b":{"0":[0],"1":[0,0]}}
,"D:\\BE_HomeLander\\HomeLand_Apartment_Management_BE\\src\\apartment\\dto\\update-apartment.dto.ts": {"path":"D:\\BE_HomeLander\\HomeLand_Apartment_Management_BE\\src\\apartment\\dto\\update-apartment.dto.ts","statementMap":{"0":{"start":{"line":1,"column":0},"end":{"line":1,"column":69}},"1":{"start":{"line":3,"column":0},"end":{"line":3,"column":64}},"2":{"start":{"line":4,"column":0},"end":{"line":4,"column":55}},"3":{"start":{"line":5,"column":0},"end":{"line":5,"column":57}},"4":{"start":{"line":6,"column":0},"end":{"line":6,"column":46}},"5":{"start":{"line":8,"column":0},"end":{"line":8,"column":13}},"6":{"start":{"line":46,"column":4},"end":{"line":46,"column":null}},"7":{"start":{"line":43,"column":8},"end":{"line":43,"column":60}}},"fnMap":{"0":{"name":"(anonymous_2)","decl":{"start":{"line":42,"column":15},"end":{"line":42,"column":16}},"loc":{"start":{"line":43,"column":8},"end":{"line":43,"column":60}}}},"branchMap":{"0":{"loc":{"start":{"line":43,"column":8},"end":{"line":43,"column":60}},"type":"cond-expr","locations":[{"start":{"line":43,"column":25},"end":{"line":43,"column":30}},{"start":{"line":43,"column":33},"end":{"line":43,"column":60}}]},"1":{"loc":{"start":{"line":43,"column":33},"end":{"line":43,"column":60}},"type":"cond-expr","locations":[{"start":{"line":43,"column":41},"end":{"line":43,"column":48}},{"start":{"line":43,"column":51},"end":{"line":43,"column":60}}]}},"s":{"0":1,"1":1,"2":1,"3":1,"4":1,"5":1,"6":1,"7":0},"f":{"0":0},"b":{"0":[0,0],"1":[0,0]}}
,"D:\\BE_HomeLander\\HomeLand_Apartment_Management_BE\\src\\apartment\\entities\\apartment.entity.ts": {"path":"D:\\BE_HomeLander\\HomeLand_Apartment_Management_BE\\src\\apartment\\entities\\apartment.entity.ts","statementMap":{"0":{"start":{"line":1,"column":0},"end":{"line":1,"column":null}},"1":{"start":{"line":11,"column":0},"end":{"line":11,"column":67}},"2":{"start":{"line":12,"column":0},"end":{"line":12,"column":58}},"3":{"start":{"line":13,"column":0},"end":{"line":13,"column":67}},"4":{"start":{"line":14,"column":0},"end":{"line":14,"column":68}},"5":{"start":{"line":15,"column":0},"end":{"line":15,"column":46}},"6":{"start":{"line":16,"column":0},"end":{"line":16,"column":67}},"7":{"start":{"line":17,"column":0},"end":{"line":17,"column":41}},"8":{"start":{"line":19,"column":0},"end":{"line":19,"column":null}},"9":{"start":{"line":20,"column":4},"end":{"line":20,"column":null}},"10":{"start":{"line":21,"column":4},"end":{"line":21,"column":null}},"11":{"start":{"line":24,"column":7},"end":{"line":117,"column":null}},"12":{"start":{"line":24,"column":13},"end":{"line":24,"column":22}},"13":{"start":{"line":27,"column":4},"end":{"line":27,"column":null}},"14":{"start":{"line":32,"column":4},"end":{"line":32,"column":null}},"15":{"start":{"line":38,"column":4},"end":{"line":38,"column":null}},"16":{"start":{"line":36,"column":16},"end":{"line":36,"column":22}},"17":{"start":{"line":44,"column":4},"end":{"line":44,"column":null}},"18":{"start":{"line":42,"column":16},"end":{"line":42,"column":22}},"19":{"start":{"line":50,"column":4},"end":{"line":50,"column":null}},"20":{"start":{"line":48,"column":16},"end":{"line":48,"column":22}},"21":{"start":{"line":56,"column":4},"end":{"line":56,"column":null}},"22":{"start":{"line":54,"column":16},"end":{"line":54,"column":22}},"23":{"start":{"line":62,"column":4},"end":{"line":62,"column":null}},"24":{"start":{"line":60,"column":16},"end":{"line":60,"column":22}},"25":{"start":{"line":75,"column":4},"end":{"line":75,"column":null}},"26":{"start":{"line":80,"column":4},"end":{"line":80,"column":null}},"27":{"start":{"line":84,"column":4},"end":{"line":84,"column":null}},"28":{"start":{"line":82,"column":21},"end":{"line":82,"column":26}},"29":{"start":{"line":82,"column":39},"end":{"line":82,"column":55}},"30":{"start":{"line":89,"column":4},"end":{"line":89,"column":null}},"31":{"start":{"line":93,"column":4},"end":{"line":93,"column":null}},"32":{"start":{"line":91,"column":21},"end":{"line":91,"column":29}},"33":{"start":{"line":91,"column":45},"end":{"line":91,"column":64}},"34":{"start":{"line":98,"column":4},"end":{"line":98,"column":null}},"35":{"start":{"line":103,"column":4},"end":{"line":103,"column":null}},"36":{"start":{"line":100,"column":21},"end":{"line":100,"column":29}},"37":{"start":{"line":100,"column":45},"end":{"line":100,"column":61}},"38":{"start":{"line":106,"column":4},"end":{"line":106,"column":null}},"39":{"start":{"line":105,"column":21},"end":{"line":105,"column":29}},"40":{"start":{"line":105,"column":45},"end":{"line":105,"column":63}},"41":{"start":{"line":109,"column":4},"end":{"line":109,"column":null}},"42":{"start":{"line":112,"column":4},"end":{"line":112,"column":null}},"43":{"start":{"line":115,"column":4},"end":{"line":115,"column":null}},"44":{"start":{"line":24,"column":13},"end":{"line":117,"column":null}}},"fnMap":{"0":{"name":"(anonymous_2)","decl":{"start":{"line":19,"column":0},"end":{"line":19,"column":12}},"loc":{"start":{"line":19,"column":27},"end":{"line":22,"column":1}}},"1":{"name":"(anonymous_3)","decl":{"start":{"line":36,"column":10},"end":{"line":36,"column":13}},"loc":{"start":{"line":36,"column":16},"end":{"line":36,"column":22}}},"2":{"name":"(anonymous_4)","decl":{"start":{"line":42,"column":10},"end":{"line":42,"column":13}},"loc":{"start":{"line":42,"column":16},"end":{"line":42,"column":22}}},"3":{"name":"(anonymous_5)","decl":{"start":{"line":48,"column":10},"end":{"line":48,"column":13}},"loc":{"start":{"line":48,"column":16},"end":{"line":48,"column":22}}},"4":{"name":"(anonymous_6)","decl":{"start":{"line":54,"column":10},"end":{"line":54,"column":13}},"loc":{"start":{"line":54,"column":16},"end":{"line":54,"column":22}}},"5":{"name":"(anonymous_7)","decl":{"start":{"line":60,"column":10},"end":{"line":60,"column":13}},"loc":{"start":{"line":60,"column":16},"end":{"line":60,"column":22}}},"6":{"name":"(anonymous_8)","decl":{"start":{"line":82,"column":15},"end":{"line":82,"column":18}},"loc":{"start":{"line":82,"column":21},"end":{"line":82,"column":26}}},"7":{"name":"(anonymous_9)","decl":{"start":{"line":82,"column":28},"end":{"line":82,"column":29}},"loc":{"start":{"line":82,"column":39},"end":{"line":82,"column":55}}},"8":{"name":"(anonymous_10)","decl":{"start":{"line":91,"column":15},"end":{"line":91,"column":18}},"loc":{"start":{"line":91,"column":21},"end":{"line":91,"column":29}}},"9":{"name":"(anonymous_11)","decl":{"start":{"line":91,"column":31},"end":{"line":91,"column":32}},"loc":{"start":{"line":91,"column":45},"end":{"line":91,"column":64}}},"10":{"name":"(anonymous_12)","decl":{"start":{"line":100,"column":15},"end":{"line":100,"column":18}},"loc":{"start":{"line":100,"column":21},"end":{"line":100,"column":29}}},"11":{"name":"(anonymous_13)","decl":{"start":{"line":100,"column":31},"end":{"line":100,"column":32}},"loc":{"start":{"line":100,"column":45},"end":{"line":100,"column":61}}},"12":{"name":"(anonymous_14)","decl":{"start":{"line":105,"column":15},"end":{"line":105,"column":18}},"loc":{"start":{"line":105,"column":21},"end":{"line":105,"column":29}}},"13":{"name":"(anonymous_15)","decl":{"start":{"line":105,"column":31},"end":{"line":105,"column":32}},"loc":{"start":{"line":105,"column":45},"end":{"line":105,"column":63}}}},"branchMap":{"0":{"loc":{"start":{"line":19,"column":12},"end":{"line":19,"column":null}},"type":"binary-expr","locations":[{"start":{"line":19,"column":12},"end":{"line":19,"column":27}},{"start":{"line":19,"column":27},"end":{"line":19,"column":null}}]}},"s":{"0":7,"1":7,"2":7,"3":7,"4":7,"5":7,"6":7,"7":7,"8":7,"9":7,"10":7,"11":7,"12":7,"13":7,"14":7,"15":7,"16":0,"17":7,"18":0,"19":7,"20":0,"21":7,"22":0,"23":7,"24":0,"25":7,"26":7,"27":7,"28":0,"29":0,"30":7,"31":7,"32":0,"33":0,"34":7,"35":7,"36":0,"37":0,"38":7,"39":0,"40":0,"41":7,"42":7,"43":7,"44":7},"f":{"0":7,"1":0,"2":0,"3":0,"4":0,"5":0,"6":0,"7":0,"8":0,"9":0,"10":0,"11":0,"12":0,"13":0},"b":{"0":[7,7]}}
,"D:\\BE_HomeLander\\HomeLand_Apartment_Management_BE\\src\\auth\\auth.controller.ts": {"path":"D:\\BE_HomeLander\\HomeLand_Apartment_Management_BE\\src\\auth\\auth.controller.ts","statementMap":{"0":{"start":{"line":1,"column":0},"end":{"line":1,"column":56}},"1":{"start":{"line":2,"column":0},"end":{"line":2,"column":45}},"2":{"start":{"line":3,"column":0},"end":{"line":3,"column":76}},"3":{"start":{"line":4,"column":0},"end":{"line":4,"column":45}},"4":{"start":{"line":8,"column":7},"end":{"line":42,"column":null}},"5":{"start":{"line":9,"column":33},"end":{"line":9,"column":46}},"6":{"start":{"line":40,"column":8},"end":{"line":40,"column":56}},"7":{"start":{"line":8,"column":13},"end":{"line":8,"column":27}},"8":{"start":{"line":39,"column":10},"end":{"line":41,"column":null}},"9":{"start":{"line":8,"column":13},"end":{"line":42,"column":null}}},"fnMap":{"0":{"name":"(anonymous_4)","decl":{"start":{"line":9,"column":4},"end":{"line":9,"column":33}},"loc":{"start":{"line":9,"column":57},"end":{"line":9,"column":61}}},"1":{"name":"(anonymous_5)","decl":{"start":{"line":39,"column":4},"end":{"line":39,"column":9}},"loc":{"start":{"line":39,"column":44},"end":{"line":41,"column":5}}}},"branchMap":{},"s":{"0":5,"1":5,"2":5,"3":5,"4":5,"5":27,"6":0,"7":5,"8":5,"9":5},"f":{"0":27,"1":0},"b":{}}
,"D:\\BE_HomeLander\\HomeLand_Apartment_Management_BE\\src\\auth\\auth.module.ts": {"path":"D:\\BE_HomeLander\\HomeLand_Apartment_Management_BE\\src\\auth\\auth.module.ts","statementMap":{"0":{"start":{"line":1,"column":0},"end":{"line":1,"column":40}},"1":{"start":{"line":2,"column":0},"end":{"line":2,"column":51}},"2":{"start":{"line":3,"column":0},"end":{"line":3,"column":49}},"3":{"start":{"line":4,"column":0},"end":{"line":4,"column":61}},"4":{"start":{"line":5,"column":0},"end":{"line":5,"column":48}},"5":{"start":{"line":6,"column":0},"end":{"line":6,"column":61}},"6":{"start":{"line":7,"column":0},"end":{"line":7,"column":54}},"7":{"start":{"line":8,"column":0},"end":{"line":8,"column":41}},"8":{"start":{"line":23,"column":7},"end":{"line":23,"column":null}},"9":{"start":{"line":23,"column":13},"end":{"line":23,"column":23}},"10":{"start":{"line":23,"column":13},"end":{"line":23,"column":null}}},"fnMap":{},"branchMap":{},"s":{"0":5,"1":5,"2":5,"3":5,"4":5,"5":5,"6":5,"7":5,"8":5,"9":5,"10":5},"f":{},"b":{}}
,"D:\\BE_HomeLander\\HomeLand_Apartment_Management_BE\\src\\auth\\auth.service.ts": {"path":"D:\\BE_HomeLander\\HomeLand_Apartment_Management_BE\\src\\auth\\auth.service.ts","statementMap":{"0":{"start":{"line":1,"column":0},"end":{"line":1,"column":67}},"1":{"start":{"line":2,"column":0},"end":{"line":2,"column":41}},"2":{"start":{"line":3,"column":0},"end":{"line":3,"column":51}},"3":{"start":{"line":5,"column":0},"end":{"line":5,"column":51}},"4":{"start":{"line":11,"column":0},"end":{"line":11,"column":37}},"5":{"start":{"line":12,"column":0},"end":{"line":12,"column":61}},"6":{"start":{"line":14,"column":0},"end":{"line":14,"column":13}},"7":{"start":{"line":19,"column":0},"end":{"line":19,"column":22}},"8":{"start":{"line":33,"column":7},"end":{"line":130,"column":null}},"9":{"start":{"line":40,"column":8},"end":{"line":40,"column":16}},"10":{"start":{"line":36,"column":25},"end":{"line":36,"column":44}},"11":{"start":{"line":37,"column":25},"end":{"line":37,"column":37}},"12":{"start":{"line":38,"column":25},"end":{"line":38,"column":38}},"13":{"start":{"line":44,"column":21},"end":{"line":44,"column":72}},"14":{"start":{"line":45,"column":8},"end":{"line":54,"column":null}},"15":{"start":{"line":53,"column":12},"end":{"line":53,"column":71}},"16":{"start":{"line":55,"column":38},"end":{"line":58,"column":10}},"17":{"start":{"line":59,"column":8},"end":{"line":64,"column":10}},"18":{"start":{"line":70,"column":24},"end":{"line":86,"column":10}},"19":{"start":{"line":88,"column":8},"end":{"line":88,"column":34}},"20":{"start":{"line":88,"column":22},"end":{"line":88,"column":34}},"21":{"start":{"line":90,"column":8},"end":{"line":96,"column":10}},"22":{"start":{"line":102,"column":24},"end":{"line":118,"column":10}},"23":{"start":{"line":120,"column":8},"end":{"line":120,"column":34}},"24":{"start":{"line":120,"column":22},"end":{"line":120,"column":34}},"25":{"start":{"line":122,"column":8},"end":{"line":128,"column":10}},"26":{"start":{"line":33,"column":13},"end":{"line":33,"column":27}},"27":{"start":{"line":33,"column":13},"end":{"line":130,"column":null}}},"fnMap":{"0":{"name":"(anonymous_4)","decl":{"start":{"line":34,"column":4},"end":{"line":34,"column":null}},"loc":{"start":{"line":38,"column":49},"end":{"line":41,"column":5}}},"1":{"name":"(anonymous_5)","decl":{"start":{"line":43,"column":4},"end":{"line":43,"column":9}},"loc":{"start":{"line":43,"column":64},"end":{"line":65,"column":5}}},"2":{"name":"(anonymous_6)","decl":{"start":{"line":67,"column":4},"end":{"line":67,"column":9}},"loc":{"start":{"line":68,"column":21},"end":{"line":97,"column":5}}},"3":{"name":"(anonymous_7)","decl":{"start":{"line":99,"column":4},"end":{"line":99,"column":9}},"loc":{"start":{"line":100,"column":18},"end":{"line":129,"column":5}}}},"branchMap":{"0":{"loc":{"start":{"line":43,"column":39},"end":{"line":43,"column":64}},"type":"default-arg","locations":[{"start":{"line":43,"column":59},"end":{"line":43,"column":64}}]},"1":{"loc":{"start":{"line":45,"column":8},"end":{"line":54,"column":null}},"type":"if","locations":[{"start":{"line":45,"column":8},"end":{"line":54,"column":null}}]},"2":{"loc":{"start":{"line":46,"column":12},"end":{"line":50,"column":null}},"type":"binary-expr","locations":[{"start":{"line":46,"column":12},"end":{"line":46,"column":19}},{"start":{"line":47,"column":12},"end":{"line":47,"column":27}},{"start":{"line":48,"column":12},"end":{"line":50,"column":null}}]},"3":{"loc":{"start":{"line":88,"column":8},"end":{"line":88,"column":34}},"type":"if","locations":[{"start":{"line":88,"column":8},"end":{"line":88,"column":34}}]},"4":{"loc":{"start":{"line":91,"column":12},"end":{"line":95,"column":16}},"type":"binary-expr","locations":[{"start":{"line":91,"column":12},"end":{"line":91,"column":28}},{"start":{"line":92,"column":12},"end":{"line":92,"column":25}},{"start":{"line":93,"column":12},"end":{"line":93,"column":30}},{"start":{"line":94,"column":12},"end":{"line":94,"column":27}},{"start":{"line":95,"column":12},"end":{"line":95,"column":16}}]},"5":{"loc":{"start":{"line":120,"column":8},"end":{"line":120,"column":34}},"type":"if","locations":[{"start":{"line":120,"column":8},"end":{"line":120,"column":34}}]},"6":{"loc":{"start":{"line":123,"column":12},"end":{"line":127,"column":16}},"type":"binary-expr","locations":[{"start":{"line":123,"column":12},"end":{"line":123,"column":28}},{"start":{"line":124,"column":12},"end":{"line":124,"column":25}},{"start":{"line":125,"column":12},"end":{"line":125,"column":30}},{"start":{"line":126,"column":12},"end":{"line":126,"column":27}},{"start":{"line":127,"column":12},"end":{"line":127,"column":16}}]}},"s":{"0":5,"1":5,"2":5,"3":5,"4":5,"5":5,"6":5,"7":5,"8":5,"9":27,"10":27,"11":27,"12":27,"13":0,"14":0,"15":0,"16":0,"17":0,"18":0,"19":0,"20":0,"21":0,"22":0,"23":0,"24":0,"25":0,"26":5,"27":5},"f":{"0":27,"1":0,"2":0,"3":0},"b":{"0":[0],"1":[0],"2":[0,0,0],"3":[0],"4":[0,0,0,0,0],"5":[0],"6":[0,0,0,0,0]}}
,"D:\\BE_HomeLander\\HomeLand_Apartment_Management_BE\\src\\auth\\dto\\signin.dto.ts": {"path":"D:\\BE_HomeLander\\HomeLand_Apartment_Management_BE\\src\\auth\\dto\\signin.dto.ts","statementMap":{"0":{"start":{"line":1,"column":0},"end":{"line":1,"column":46}},"1":{"start":{"line":2,"column":0},"end":{"line":2,"column":43}},"2":{"start":{"line":4,"column":0},"end":{"line":4,"column":13}},"3":{"start":{"line":7,"column":4},"end":{"line":7,"column":null}},"4":{"start":{"line":11,"column":4},"end":{"line":11,"column":null}}},"fnMap":{},"branchMap":{},"s":{"0":5,"1":5,"2":5,"3":5,"4":5},"f":{},"b":{}}
,"D:\\BE_HomeLander\\HomeLand_Apartment_Management_BE\\src\\auth\\guard\\jwt-auth.guard.ts": {"path":"D:\\BE_HomeLander\\HomeLand_Apartment_Management_BE\\src\\auth\\guard\\jwt-auth.guard.ts","statementMap":{"0":{"start":{"line":1,"column":0},"end":{"line":1,"column":null}},"1":{"start":{"line":7,"column":0},"end":{"line":7,"column":41}},"2":{"start":{"line":9,"column":0},"end":{"line":9,"column":68}},"3":{"start":{"line":10,"column":0},"end":{"line":10,"column":60}},"4":{"start":{"line":13,"column":7},"end":{"line":51,"column":null}},"5":{"start":{"line":15,"column":25},"end":{"line":15,"column":38}},"6":{"start":{"line":16,"column":25},"end":{"line":16,"column":37}},"7":{"start":{"line":22,"column":24},"end":{"line":22,"column":59}},"8":{"start":{"line":23,"column":8},"end":{"line":23,"column":45}},"9":{"start":{"line":27,"column":8},"end":{"line":48,"column":null}},"10":{"start":{"line":28,"column":26},"end":{"line":28,"column":69}},"11":{"start":{"line":29,"column":12},"end":{"line":47,"column":null}},"12":{"start":{"line":30,"column":16},"end":{"line":46,"column":null}},"13":{"start":{"line":31,"column":50},"end":{"line":31,"column":79}},"14":{"start":{"line":32,"column":33},"end":{"line":33,"column":null}},"15":{"start":{"line":35,"column":20},"end":{"line":35,"column":80}},"16":{"start":{"line":35,"column":31},"end":{"line":35,"column":80}},"17":{"start":{"line":36,"column":20},"end":{"line":36,"column":40}},"18":{"start":{"line":37,"column":20},"end":{"line":37,"column":32}},"19":{"start":{"line":39,"column":20},"end":{"line":43,"column":null}},"20":{"start":{"line":40,"column":24},"end":{"line":40,"column":73}},"21":{"start":{"line":41,"column":27},"end":{"line":43,"column":null}},"22":{"start":{"line":42,"column":24},"end":{"line":42,"column":73}},"23":{"start":{"line":44,"column":20},"end":{"line":44,"column":41}},"24":{"start":{"line":45,"column":20},"end":{"line":45,"column":32}},"25":{"start":{"line":49,"column":8},"end":{"line":49,"column":21}},"26":{"start":{"line":13,"column":13},"end":{"line":13,"column":25}},"27":{"start":{"line":13,"column":13},"end":{"line":51,"column":null}}},"fnMap":{"0":{"name":"(anonymous_2)","decl":{"start":{"line":14,"column":4},"end":{"line":14,"column":null}},"loc":{"start":{"line":16,"column":47},"end":{"line":17,"column":8}}},"1":{"name":"(anonymous_3)","decl":{"start":{"line":19,"column":4},"end":{"line":19,"column":15}},"loc":{"start":{"line":20,"column":33},"end":{"line":24,"column":5}}},"2":{"name":"(anonymous_4)","decl":{"start":{"line":26,"column":4},"end":{"line":26,"column":9}},"loc":{"start":{"line":26,"column":38},"end":{"line":50,"column":5}}}},"branchMap":{"0":{"loc":{"start":{"line":27,"column":8},"end":{"line":48,"column":null}},"type":"if","locations":[{"start":{"line":27,"column":8},"end":{"line":48,"column":null}}]},"1":{"loc":{"start":{"line":29,"column":12},"end":{"line":47,"column":null}},"type":"if","locations":[{"start":{"line":29,"column":12},"end":{"line":47,"column":null}}]},"2":{"loc":{"start":{"line":35,"column":20},"end":{"line":35,"column":80}},"type":"if","locations":[{"start":{"line":35,"column":20},"end":{"line":35,"column":80}}]},"3":{"loc":{"start":{"line":39,"column":20},"end":{"line":43,"column":null}},"type":"if","locations":[{"start":{"line":39,"column":20},"end":{"line":43,"column":null}},{"start":{"line":41,"column":27},"end":{"line":43,"column":null}}]},"4":{"loc":{"start":{"line":41,"column":27},"end":{"line":43,"column":null}},"type":"if","locations":[{"start":{"line":41,"column":27},"end":{"line":43,"column":null}}]}},"s":{"0":5,"1":5,"2":5,"3":5,"4":5,"5":37,"6":37,"7":0,"8":0,"9":0,"10":0,"11":0,"12":0,"13":0,"14":0,"15":0,"16":0,"17":0,"18":0,"19":0,"20":0,"21":0,"22":0,"23":0,"24":0,"25":0,"26":5,"27":5},"f":{"0":37,"1":0,"2":0},"b":{"0":[0],"1":[0],"2":[0],"3":[0,0],"4":[0]}}
,"D:\\BE_HomeLander\\HomeLand_Apartment_Management_BE\\src\\avatar-generator\\avatar-generator.module.ts": {"path":"D:\\BE_HomeLander\\HomeLand_Apartment_Management_BE\\src\\avatar-generator\\avatar-generator.module.ts","statementMap":{"0":{"start":{"line":1,"column":0},"end":{"line":1,"column":40}},"1":{"start":{"line":2,"column":0},"end":{"line":2,"column":null}},"2":{"start":{"line":16,"column":7},"end":{"line":16,"column":null}},"3":{"start":{"line":16,"column":13},"end":{"line":16,"column":34}},"4":{"start":{"line":16,"column":13},"end":{"line":16,"column":null}}},"fnMap":{},"branchMap":{},"s":{"0":1,"1":1,"2":1,"3":1,"4":1},"f":{},"b":{}}
,"D:\\BE_HomeLander\\HomeLand_Apartment_Management_BE\\src\\avatar-generator\\avatar-generator.service.ts": {"path":"D:\\BE_HomeLander\\HomeLand_Apartment_Management_BE\\src\\avatar-generator\\avatar-generator.service.ts","statementMap":{"0":{"start":{"line":1,"column":0},"end":{"line":1,"column":40}},"1":{"start":{"line":2,"column":0},"end":{"line":2,"column":58}},"2":{"start":{"line":4,"column":0},"end":{"line":4,"column":22}},"3":{"start":{"line":9,"column":7},"end":{"line":27,"column":null}},"4":{"start":{"line":16,"column":8},"end":{"line":16,"column":74}},"5":{"start":{"line":17,"column":8},"end":{"line":17,"column":63}},"6":{"start":{"line":20,"column":8},"end":{"line":25,"column":26}},"7":{"start":{"line":9,"column":13},"end":{"line":9,"column":36}},"8":{"start":{"line":9,"column":13},"end":{"line":27,"column":null}}},"fnMap":{"0":{"name":"(anonymous_1)","decl":{"start":{"line":15,"column":4},"end":{"line":15,"column":9}},"loc":{"start":{"line":15,"column":22},"end":{"line":18,"column":5}}},"1":{"name":"(anonymous_2)","decl":{"start":{"line":19,"column":4},"end":{"line":19,"column":9}},"loc":{"start":{"line":19,"column":34},"end":{"line":26,"column":5}}}},"branchMap":{},"s":{"0":2,"1":2,"2":2,"3":2,"4":0,"5":0,"6":0,"7":2,"8":2},"f":{"0":0,"1":0},"b":{}}
,"D:\\BE_HomeLander\\HomeLand_Apartment_Management_BE\\src\\building\\building.controller.ts": {"path":"D:\\BE_HomeLander\\HomeLand_Apartment_Management_BE\\src\\building\\building.controller.ts","statementMap":{"0":{"start":{"line":2,"column":0},"end":{"line":2,"column":null}},"1":{"start":{"line":14,"column":0},"end":{"line":14,"column":65}},"2":{"start":{"line":15,"column":0},"end":{"line":15,"column":51}},"3":{"start":{"line":16,"column":0},"end":{"line":16,"column":62}},"4":{"start":{"line":17,"column":0},"end":{"line":17,"column":62}},"5":{"start":{"line":18,"column":0},"end":{"line":18,"column":77}},"6":{"start":{"line":23,"column":7},"end":{"line":74,"column":null}},"7":{"start":{"line":24,"column":33},"end":{"line":24,"column":53}},"8":{"start":{"line":29,"column":8},"end":{"line":29,"column":65}},"9":{"start":{"line":38,"column":23},"end":{"line":38,"column":66}},"10":{"start":{"line":39,"column":8},"end":{"line":39,"column":22}},"11":{"start":{"line":49,"column":8},"end":{"line":49,"column":49}},"12":{"start":{"line":53,"column":25},"end":{"line":53,"column":66}},"13":{"start":{"line":54,"column":8},"end":{"line":54,"column":38}},"14":{"start":{"line":54,"column":22},"end":{"line":54,"column":38}},"15":{"start":{"line":55,"column":8},"end":{"line":55,"column":58}},"16":{"start":{"line":63,"column":23},"end":{"line":65,"column":null}},"17":{"start":{"line":67,"column":8},"end":{"line":67,"column":55}},"18":{"start":{"line":67,"column":20},"end":{"line":67,"column":55}},"19":{"start":{"line":68,"column":8},"end":{"line":68,"column":58}},"20":{"start":{"line":72,"column":8},"end":{"line":72,"column":56}},"21":{"start":{"line":23,"column":13},"end":{"line":23,"column":31}},"22":{"start":{"line":28,"column":4},"end":{"line":30,"column":null}},"23":{"start":{"line":37,"column":10},"end":{"line":40,"column":null}},"24":{"start":{"line":48,"column":4},"end":{"line":50,"column":null}},"25":{"start":{"line":52,"column":10},"end":{"line":56,"column":null}},"26":{"start":{"line":59,"column":10},"end":{"line":69,"column":null}},"27":{"start":{"line":71,"column":10},"end":{"line":73,"column":null}},"28":{"start":{"line":23,"column":13},"end":{"line":74,"column":null}}},"fnMap":{"0":{"name":"(anonymous_4)","decl":{"start":{"line":24,"column":4},"end":{"line":24,"column":33}},"loc":{"start":{"line":24,"column":75},"end":{"line":24,"column":79}}},"1":{"name":"(anonymous_5)","decl":{"start":{"line":28,"column":4},"end":{"line":28,"column":10}},"loc":{"start":{"line":28,"column":55},"end":{"line":30,"column":5}}},"2":{"name":"(anonymous_6)","decl":{"start":{"line":37,"column":4},"end":{"line":37,"column":9}},"loc":{"start":{"line":37,"column":54},"end":{"line":40,"column":5}}},"3":{"name":"(anonymous_7)","decl":{"start":{"line":48,"column":4},"end":{"line":48,"column":11}},"loc":{"start":{"line":48,"column":11},"end":{"line":50,"column":5}}},"4":{"name":"(anonymous_8)","decl":{"start":{"line":52,"column":4},"end":{"line":52,"column":9}},"loc":{"start":{"line":52,"column":41},"end":{"line":56,"column":5}}},"5":{"name":"(anonymous_9)","decl":{"start":{"line":59,"column":4},"end":{"line":59,"column":9}},"loc":{"start":{"line":61,"column":52},"end":{"line":69,"column":5}}},"6":{"name":"(anonymous_10)","decl":{"start":{"line":71,"column":4},"end":{"line":71,"column":9}},"loc":{"start":{"line":71,"column":52},"end":{"line":73,"column":5}}}},"branchMap":{"0":{"loc":{"start":{"line":54,"column":8},"end":{"line":54,"column":38}},"type":"if","locations":[{"start":{"line":54,"column":8},"end":{"line":54,"column":38}}]},"1":{"loc":{"start":{"line":67,"column":8},"end":{"line":67,"column":55}},"type":"if","locations":[{"start":{"line":67,"column":8},"end":{"line":67,"column":55}}]}},"s":{"0":1,"1":1,"2":1,"3":1,"4":1,"5":1,"6":1,"7":2,"8":0,"9":0,"10":0,"11":0,"12":0,"13":0,"14":0,"15":0,"16":0,"17":0,"18":0,"19":0,"20":0,"21":1,"22":1,"23":1,"24":1,"25":1,"26":1,"27":1,"28":1},"f":{"0":2,"1":0,"2":0,"3":0,"4":0,"5":0,"6":0},"b":{"0":[0],"1":[0]}}
,"D:\\BE_HomeLander\\HomeLand_Apartment_Management_BE\\src\\building\\building.module.ts": {"path":"D:\\BE_HomeLander\\HomeLand_Apartment_Management_BE\\src\\building\\building.module.ts","statementMap":{"0":{"start":{"line":1,"column":0},"end":{"line":1,"column":51}},"1":{"start":{"line":2,"column":0},"end":{"line":2,"column":77}},"2":{"start":{"line":3,"column":0},"end":{"line":3,"column":48}},"3":{"start":{"line":4,"column":0},"end":{"line":4,"column":72}},"4":{"start":{"line":6,"column":0},"end":{"line":6,"column":54}},"5":{"start":{"line":7,"column":0},"end":{"line":7,"column":55}},"6":{"start":{"line":8,"column":0},"end":{"line":8,"column":59}},"7":{"start":{"line":23,"column":7},"end":{"line":23,"column":null}},"8":{"start":{"line":23,"column":13},"end":{"line":23,"column":27}},"9":{"start":{"line":23,"column":13},"end":{"line":23,"column":null}}},"fnMap":{},"branchMap":{},"s":{"0":0,"1":0,"2":0,"3":0,"4":0,"5":0,"6":0,"7":0,"8":0,"9":0},"f":{},"b":{}}
,"D:\\BE_HomeLander\\HomeLand_Apartment_Management_BE\\src\\building\\building.service.ts": {"path":"D:\\BE_HomeLander\\HomeLand_Apartment_Management_BE\\src\\building\\building.service.ts","statementMap":{"0":{"start":{"line":1,"column":0},"end":{"line":1,"column":67}},"1":{"start":{"line":3,"column":0},"end":{"line":3,"column":null}},"2":{"start":{"line":8,"column":0},"end":{"line":8,"column":59}},"3":{"start":{"line":9,"column":0},"end":{"line":9,"column":69}},"4":{"start":{"line":12,"column":0},"end":{"line":12,"column":54}},"5":{"start":{"line":13,"column":0},"end":{"line":13,"column":55}},"6":{"start":{"line":16,"column":0},"end":{"line":16,"column":22}},"7":{"start":{"line":30,"column":7},"end":{"line":98,"column":null}},"8":{"start":{"line":39,"column":8},"end":{"line":39,"column":16}},"9":{"start":{"line":33,"column":25},"end":{"line":33,"column":45}},"10":{"start":{"line":35,"column":25},"end":{"line":35,"column":42}},"11":{"start":{"line":37,"column":25},"end":{"line":37,"column":37}},"12":{"start":{"line":43,"column":23},"end":{"line":43,"column":72}},"13":{"start":{"line":44,"column":8},"end":{"line":44,"column":67}},"14":{"start":{"line":45,"column":8},"end":{"line":45,"column":30}},"15":{"start":{"line":46,"column":8},"end":{"line":50,"column":null}},"16":{"start":{"line":47,"column":12},"end":{"line":47,"column":64}},"17":{"start":{"line":49,"column":12},"end":{"line":49,"column":58}},"18":{"start":{"line":53,"column":28},"end":{"line":53,"column":66}},"19":{"start":{"line":54,"column":8},"end":{"line":54,"column":27}},"20":{"start":{"line":58,"column":25},"end":{"line":60,"column":10}},"21":{"start":{"line":61,"column":8},"end":{"line":61,"column":24}},"22":{"start":{"line":65,"column":8},"end":{"line":73,"column":null}},"23":{"start":{"line":66,"column":25},"end":{"line":68,"column":null}},"24":{"start":{"line":70,"column":12},"end":{"line":70,"column":26}},"25":{"start":{"line":72,"column":12},"end":{"line":72,"column":59}},"26":{"start":{"line":76,"column":8},"end":{"line":83,"column":null}},"27":{"start":{"line":77,"column":27},"end":{"line":79,"column":14}},"28":{"start":{"line":80,"column":12},"end":{"line":80,"column":26}},"29":{"start":{"line":82,"column":12},"end":{"line":82,"column":55}},"30":{"start":{"line":91,"column":23},"end":{"line":95,"column":10}},"31":{"start":{"line":96,"column":8},"end":{"line":96,"column":22}},"32":{"start":{"line":30,"column":13},"end":{"line":30,"column":35}},"33":{"start":{"line":30,"column":13},"end":{"line":98,"column":null}}},"fnMap":{"0":{"name":"(anonymous_4)","decl":{"start":{"line":31,"column":4},"end":{"line":31,"column":null}},"loc":{"start":{"line":37,"column":48},"end":{"line":40,"column":5}}},"1":{"name":"(anonymous_5)","decl":{"start":{"line":42,"column":4},"end":{"line":42,"column":9}},"loc":{"start":{"line":42,"column":53},"end":{"line":51,"column":5}}},"2":{"name":"(anonymous_6)","decl":{"start":{"line":52,"column":4},"end":{"line":52,"column":9}},"loc":{"start":{"line":52,"column":17},"end":{"line":55,"column":5}}},"3":{"name":"(anonymous_7)","decl":{"start":{"line":57,"column":4},"end":{"line":57,"column":9}},"loc":{"start":{"line":57,"column":28},"end":{"line":62,"column":5}}},"4":{"name":"(anonymous_8)","decl":{"start":{"line":64,"column":4},"end":{"line":64,"column":9}},"loc":{"start":{"line":64,"column":65},"end":{"line":74,"column":5}}},"5":{"name":"(anonymous_9)","decl":{"start":{"line":75,"column":4},"end":{"line":75,"column":9}},"loc":{"start":{"line":75,"column":27},"end":{"line":84,"column":5}}},"6":{"name":"(anonymous_10)","decl":{"start":{"line":90,"column":4},"end":{"line":90,"column":9}},"loc":{"start":{"line":90,"column":30},"end":{"line":97,"column":5}}}},"branchMap":{},"s":{"0":2,"1":2,"2":2,"3":2,"4":2,"5":2,"6":2,"7":2,"8":11,"9":11,"10":11,"11":11,"12":2,"13":1,"14":1,"15":1,"16":1,"17":0,"18":1,"19":1,"20":1,"21":1,"22":2,"23":2,"24":1,"25":1,"26":0,"27":0,"28":0,"29":0,"30":1,"31":1,"32":2,"33":2},"f":{"0":11,"1":2,"2":1,"3":1,"4":2,"5":0,"6":1},"b":{}}
,"D:\\BE_HomeLander\\HomeLand_Apartment_Management_BE\\src\\building\\dto\\create-building.dto.ts": {"path":"D:\\BE_HomeLander\\HomeLand_Apartment_Management_BE\\src\\building\\dto\\create-building.dto.ts","statementMap":{"0":{"start":{"line":1,"column":0},"end":{"line":1,"column":57}},"1":{"start":{"line":2,"column":0},"end":{"line":2,"column":56}},"2":{"start":{"line":3,"column":0},"end":{"line":3,"column":71}},"3":{"start":{"line":4,"column":0},"end":{"line":4,"column":46}},"4":{"start":{"line":8,"column":0},"end":{"line":8,"column":13}},"5":{"start":{"line":14,"column":4},"end":{"line":14,"column":null}},"6":{"start":{"line":31,"column":4},"end":{"line":31,"column":null}},"7":{"start":{"line":28,"column":8},"end":{"line":28,"column":59}},"8":{"start":{"line":28,"column":44},"end":{"line":28,"column":59}},"9":{"start":{"line":29,"column":8},"end":{"line":29,"column":21}}},"fnMap":{"0":{"name":"(anonymous_2)","decl":{"start":{"line":27,"column":15},"end":{"line":27,"column":16}},"loc":{"start":{"line":27,"column":29},"end":{"line":30,"column":5}}}},"branchMap":{"0":{"loc":{"start":{"line":28,"column":8},"end":{"line":28,"column":59}},"type":"if","locations":[{"start":{"line":28,"column":8},"end":{"line":28,"column":59}}]},"1":{"loc":{"start":{"line":28,"column":12},"end":{"line":28,"column":42}},"type":"binary-expr","locations":[{"start":{"line":28,"column":12},"end":{"line":28,"column":17}},{"start":{"line":28,"column":21},"end":{"line":28,"column":42}}]}},"s":{"0":1,"1":1,"2":1,"3":1,"4":1,"5":1,"6":1,"7":0,"8":0,"9":0},"f":{"0":0},"b":{"0":[0],"1":[0,0]}}
,"D:\\BE_HomeLander\\HomeLand_Apartment_Management_BE\\src\\building\\dto\\update-building.dto.ts": {"path":"D:\\BE_HomeLander\\HomeLand_Apartment_Management_BE\\src\\building\\dto\\update-building.dto.ts","statementMap":{"0":{"start":{"line":1,"column":0},"end":{"line":1,"column":46}},"1":{"start":{"line":2,"column":0},"end":{"line":2,"column":58}},"2":{"start":{"line":4,"column":0},"end":{"line":4,"column":13}}},"fnMap":{},"branchMap":{},"s":{"0":1,"1":1,"2":1},"f":{},"b":{}}
[...]
d":{"line":279,"column":54}},"84":{"start":{"line":280,"column":23},"end":{"line":280,"column":40}},"85":{"start":{"line":281,"column":8},"end":{"line":281,"column":40}},"86":{"start":{"line":281,"column":24},"end":{"line":281,"column":40}},"87":{"start":{"line":283,"column":25},"end":{"line":311,"column":10}},"88":{"start":{"line":317,"column":17},"end":{"line":317,"column":54}},"89":{"start":{"line":318,"column":25},"end":{"line":346,"column":10}},"90":{"start":{"line":350,"column":17},"end":{"line":350,"column":54}},"91":{"start":{"line":351,"column":22},"end":{"line":379,"column":10}},"92":{"start":{"line":382,"column":26},"end":{"line":382,"column":63}},"93":{"start":{"line":383,"column":8},"end":{"line":383,"column":33}},"94":{"start":{"line":383,"column":16},"end":{"line":383,"column":33}},"95":{"start":{"line":384,"column":22},"end":{"line":384,"column":74}},"96":{"start":{"line":385,"column":8},"end":{"line":402,"column":10}},"97":{"start":{"line":25,"column":13},"end":{"line":25,"column":24}},"98":{"start":{"line":25,"column":13},"end":{"line":415,"column":null}}},"fnMap":{"0":{"name":"(anonymous_4)","decl":{"start":{"line":26,"column":4},"end":{"line":26,"column":null}},"loc":{"start":{"line":34,"column":60},"end":{"line":36,"column":8}}},"1":{"name":"(anonymous_5)","decl":{"start":{"line":38,"column":4},"end":{"line":38,"column":9}},"loc":{"start":{"line":38,"column":16},"end":{"line":46,"column":5}}},"2":{"name":"(anonymous_6)","decl":{"start":{"line":47,"column":4},"end":{"line":47,"column":9}},"loc":{"start":{"line":47,"column":18},"end":{"line":55,"column":5}}},"3":{"name":"(anonymous_7)","decl":{"start":{"line":91,"column":4},"end":{"line":91,"column":9}},"loc":{"start":{"line":91,"column":22},"end":{"line":104,"column":5}}},"4":{"name":"(anonymous_8)","decl":{"start":{"line":105,"column":4},"end":{"line":105,"column":9}},"loc":{"start":{"line":105,"column":29},"end":{"line":121,"column":5}}},"5":{"name":"(anonymous_9)","decl":{"start":{"line":122,"column":4},"end":{"line":122,"column":9}},"loc":{"start":{"line":122,"column":46},"end":{"line":140,"column":5}}},"6":{"name":"(anonymous_10)","decl":{"start":{"line":141,"column":4},"end":{"line":141,"column":9}},"loc":{"start":{"line":141,"column":47},"end":{"line":172,"column":5}}},"7":{"name":"(anonymous_11)","decl":{"start":{"line":173,"column":4},"end":{"line":173,"column":9}},"loc":{"start":{"line":173,"column":35},"end":{"line":204,"column":5}}},"8":{"name":"(anonymous_12)","decl":{"start":{"line":206,"column":4},"end":{"line":206,"column":9}},"loc":{"start":{"line":206,"column":30},"end":{"line":243,"column":5}}},"9":{"name":"(anonymous_13)","decl":{"start":{"line":245,"column":4},"end":{"line":245,"column":9}},"loc":{"start":{"line":245,"column":27},"end":{"line":276,"column":5}}},"10":{"name":"(anonymous_14)","decl":{"start":{"line":278,"column":4},"end":{"line":278,"column":9}},"loc":{"start":{"line":278,"column":64},"end":{"line":313,"column":5}}},"11":{"name":"(anonymous_15)","decl":{"start":{"line":316,"column":4},"end":{"line":316,"column":9}},"loc":{"start":{"line":316,"column":28},"end":{"line":347,"column":5}}},"12":{"name":"(anonymous_16)","decl":{"start":{"line":349,"column":4},"end":{"line":349,"column":9}},"loc":{"start":{"line":349,"column":25},"end":{"line":380,"column":5}}},"13":{"name":"(anonymous_17)","decl":{"start":{"line":381,"column":4},"end":{"line":381,"column":9}},"loc":{"start":{"line":381,"column":41},"end":{"line":403,"column":5}}},"14":{"name":"(anonymous_18)","decl":{"start":{"line":404,"column":4},"end":{"line":404,"column":9}},"loc":{"start":{"line":404,"column":28},"end":{"line":414,"column":5}}}},"branchMap":{"0":{"loc":{"start":{"line":281,"column":8},"end":{"line":281,"column":40}},"type":"if","locations":[{"start":{"line":281,"column":8},"end":{"line":281,"column":40}}]},"1":{"loc":{"start":{"line":301,"column":21},"end":{"line":310,"column":25}},"type":"cond-expr","locations":[{"start":{"line":301,"column":36},"end":{"line":310,"column":14}},{"start":{"line":310,"column":16},"end":{"line":310,"column":25}}]},"2":{"loc":{"start":{"line":383,"column":8},"end":{"line":383,"column":33}},"type":"if","locations":[{"start":{"line":383,"column":8},"end":{"line":383,"column":33}}]}},"s":{"0":0,"1":0,"2":0,"3":0,"4":0,"5":0,"6":0,"7":0,"8":0,"9":0,"10":0,"11":0,"12":0,"13":0,"14":0,"15":0,"16":0,"17":0,"18":0,"19":0,"20":0,"21":0,"22":0,"23":0,"24":0,"25":0,"26":0,"27":0,"28":0,"29":0,"30":0,"31":0,"32":0,"33":0,"34":0,"35":0,"36":0,"37":0,"38":0,"39":0,"40":0,"41":0,"42":0,"43":0,"44":0,"45":0,"46":0,"47":0,"48":0,"49":0,"50":0,"51":0,"52":0,"53":0,"54":0,"55":0,"56":0,"57":0,"58":0,"59":0,"60":0,"61":0,"62":0,"63":0,"64":0,"65":0,"66":0,"67":0,"68":0,"69":0,"70":0,"71":0,"72":0,"73":0,"74":0,"75":0,"76":0,"77":0,"78":0,"79":0,"80":0,"81":0,"82":0,"83":0,"84":0,"85":0,"86":0,"87":0,"88":0,"89":0,"90":0,"91":0,"92":0,"93":0,"94":0,"95":0,"96":0,"97":0,"98":0},"f":{"0":0,"1":0,"2":0,"3":0,"4":0,"5":0,"6":0,"7":0,"8":0,"9":0,"10":0,"11":0,"12":0,"13":0,"14":0},"b":{"0":[0],"1":[0,0],"2":[0]}}
,"D:\\BE_HomeLander\\HomeLand_Apartment_Management_BE\\src\\storage\\storage.module.ts": {"path":"D:\\BE_HomeLander\\HomeLand_Apartment_Management_BE\\src\\storage\\storage.module.ts","statementMap":{"0":{"start":{"line":1,"column":0},"end":{"line":1,"column":40}},"1":{"start":{"line":2,"column":0},"end":{"line":2,"column":75}},"2":{"start":{"line":3,"column":0},"end":{"line":3,"column":69}},"3":{"start":{"line":30,"column":7},"end":{"line":30,"column":null}},"4":{"start":{"line":30,"column":13},"end":{"line":30,"column":26}},"5":{"start":{"line":30,"column":13},"end":{"line":30,"column":null}},"6":{"start":{"line":14,"column":16},"end":{"line":24,"column":null}},"7":{"start":{"line":15,"column":20},"end":{"line":18,"column":22}},"8":{"start":{"line":20,"column":20},"end":{"line":23,"column":22}}},"fnMap":{"0":{"name":"(anonymous_1)","decl":{"start":{"line":13,"column":24},"end":{"line":13,"column":27}},"loc":{"start":{"line":13,"column":29},"end":{"line":25,"column":13}}}},"branchMap":{"0":{"loc":{"start":{"line":14,"column":16},"end":{"line":24,"column":null}},"type":"if","locations":[{"start":{"line":14,"column":16},"end":{"line":24,"column":null}},{"start":{"line":19,"column":23},"end":{"line":24,"column":null}}]},"1":{"loc":{"start":{"line":16,"column":24},"end":{"line":16,"column":61}},"type":"binary-expr","locations":[{"start":{"line":16,"column":24},"end":{"line":16,"column":48}},{"start":{"line":16,"column":52},"end":{"line":16,"column":61}}]},"2":{"loc":{"start":{"line":17,"column":24},"end":{"line":17,"column":61}},"type":"binary-expr","locations":[{"start":{"line":17,"column":24},"end":{"line":17,"column":48}},{"start":{"line":17,"column":52},"end":{"line":17,"column":61}}]},"3":{"loc":{"start":{"line":21,"column":24},"end":{"line":21,"column":67}},"type":"binary-expr","locations":[{"start":{"line":21,"column":24},"end":{"line":21,"column":54}},{"start":{"line":21,"column":58},"end":{"line":21,"column":67}}]},"4":{"loc":{"start":{"line":22,"column":24},"end":{"line":22,"column":67}},"type":"binary-expr","locations":[{"start":{"line":22,"column":24},"end":{"line":22,"column":54}},{"start":{"line":22,"column":58},"end":{"line":22,"column":67}}]}},"s":{"0":6,"1":6,"2":6,"3":6,"4":6,"5":6,"6":37,"7":0,"8":37},"f":{"0":37},"b":{"0":[0,37],"1":[0,0],"2":[0,0],"3":[37,0],"4":[37,0]}}
,"D:\\BE_HomeLander\\HomeLand_Apartment_Management_BE\\src\\storage\\storage.service.ts": {"path":"D:\\BE_HomeLander\\HomeLand_Apartment_Management_BE\\src\\storage\\storage.service.ts","statementMap":{"0":{"start":{"line":1,"column":0},"end":{"line":1,"column":58}},"1":{"start":{"line":2,"column":0},"end":{"line":2,"column":55}},"2":{"start":{"line":3,"column":0},"end":{"line":3,"column":43}},"3":{"start":{"line":9,"column":0},"end":{"line":9,"column":22}},"4":{"start":{"line":51,"column":8},"end":{"line":56,"column":null}},"5":{"start":{"line":51,"column":35},"end":{"line":51,"column":64}},"6":{"start":{"line":53,"column":12},"end":{"line":53,"column":39}},"7":{"start":{"line":54,"column":12},"end":{"line":54,"column":45}},"8":{"start":{"line":55,"column":12},"end":{"line":55,"column":64}},"9":{"start":{"line":49,"column":0},"end":{"line":49,"column":13}},"10":{"start":{"line":61,"column":7},"end":{"line":160,"column":null}},"11":{"start":{"line":66,"column":8},"end":{"line":66,"column":16}},"12":{"start":{"line":65,"column":33},"end":{"line":65,"column":49}},"13":{"start":{"line":75,"column":12},"end":{"line":75,"column":35}},"14":{"start":{"line":76,"column":21},"end":{"line":76,"column":46}},"15":{"start":{"line":70,"column":8},"end":{"line":72,"column":45}},"16":{"start":{"line":79,"column":8},"end":{"line":79,"column":72}},"17":{"start":{"line":80,"column":8},"end":{"line":80,"column":73}},"18":{"start":{"line":84,"column":8},"end":{"line":86,"column":11}},"19":{"start":{"line":90,"column":32},"end":{"line":92,"column":35}},"20":{"start":{"line":93,"column":8},"end":{"line":93,"column":49}},"21":{"start":{"line":93,"column":19},"end":{"line":93,"column":49}},"22":{"start":{"line":95,"column":25},"end":{"line":97,"column":36}},"23":{"start":{"line":99,"column":8},"end":{"line":99,"column":39}},"24":{"start":{"line":103,"column":8},"end":{"line":103,"column":50}},"25":{"start":{"line":103,"column":38},"end":{"line":103,"column":50}},"26":{"start":{"line":104,"column":8},"end":{"line":108,"column":10}},"27":{"start":{"line":106,"column":26},"end":{"line":106,"column":73}},"28":{"start":{"line":109,"column":32},"end":{"line":118,"column":null}},"29":{"start":{"line":115,"column":28},"end":{"line":116,"column":32}},"30":{"start":{"line":121,"column":8},"end":{"line":121,"column":49}},"31":{"start":{"line":121,"column":19},"end":{"line":121,"column":49}},"32":{"start":{"line":122,"column":8},"end":{"line":122,"column":49}},"33":{"start":{"line":122,"column":37},"end":{"line":122,"column":49}},"34":{"start":{"line":123,"column":8},"end":{"line":123,"column":21}},"35":{"start":{"line":134,"column":8},"end":{"line":136,"column":null}},"36":{"start":{"line":135,"column":12},"end":{"line":135,"column":29}},"37":{"start":{"line":137,"column":27},"end":{"line":137,"column":67}},"38":{"start":{"line":138,"column":8},"end":{"line":138,"column":26}},"39":{"start":{"line":146,"column":8},"end":{"line":146,"column":69}},"40":{"start":{"line":146,"column":19},"end":{"line":146,"column":69}},"41":{"start":{"line":147,"column":26},"end":{"line":152,"column":14}},"42":{"start":{"line":154,"column":8},"end":{"line":154,"column":49}},"43":{"start":{"line":154,"column":19},"end":{"line":154,"column":49}},"44":{"start":{"line":155,"column":25},"end":{"line":157,"column":37}},"45":{"start":{"line":158,"column":8},"end":{"line":158,"column":39}},"46":{"start":{"line":61,"column":13},"end":{"line":61,"column":35}},"47":{"start":{"line":61,"column":13},"end":{"line":160,"column":null}}},"fnMap":{"0":{"name":"(anonymous_2)","decl":{"start":{"line":50,"column":4},"end":{"line":50,"column":16}},"loc":{"start":{"line":50,"column":59},"end":{"line":57,"column":5}}},"1":{"name":"(anonymous_3)","decl":{"start":{"line":65,"column":4},"end":{"line":65,"column":33}},"loc":{"start":{"line":65,"column":63},"end":{"line":67,"column":5}}},"2":{"name":"(anonymous_4)","decl":{"start":{"line":69,"column":4},"end":{"line":69,"column":9}},"loc":{"start":{"line":69,"column":22},"end":{"line":73,"column":5}}},"3":{"name":"(anonymous_5)","decl":{"start":{"line":78,"column":4},"end":{"line":78,"column":9}},"loc":{"start":{"line":78,"column":24},"end":{"line":81,"column":5}}},"4":{"name":"(anonymous_6)","decl":{"start":{"line":83,"column":4},"end":{"line":83,"column":9}},"loc":{"start":{"line":83,"column":25},"end":{"line":87,"column":5}}},"5":{"name":"(anonymous_7)","decl":{"start":{"line":89,"column":4},"end":{"line":89,"column":9}},"loc":{"start":{"line":89,"column":47},"end":{"line":100,"column":5}}},"6":{"name":"(anonymous_8)","decl":{"start":{"line":102,"column":4},"end":{"line":102,"column":9}},"loc":{"start":{"line":102,"column":38},"end":{"line":124,"column":5}}},"7":{"name":"(anonymous_9)","decl":{"start":{"line":106,"column":16},"end":{"line":106,"column":17}},"loc":{"start":{"line":106,"column":26},"end":{"line":106,"column":73}}},"8":{"name":"(anonymous_10)","decl":{"start":{"line":114,"column":24},"end":{"line":114,"column":29}},"loc":{"start":{"line":115,"column":28},"end":{"line":116,"column":32}}},"9":{"name":"(anonymous_11)","decl":{"start":{"line":131,"column":12},"end":{"line":131,"column":17}},"loc":{"start":{"line":132,"column":19},"end":{"line":139,"column":5}}},"10":{"name":"(anonymous_12)","decl":{"start":{"line":141,"column":4},"end":{"line":141,"column":9}},"loc":{"start":{"line":144,"column":49},"end":{"line":159,"column":5}}}},"branchMap":{"0":{"loc":{"start":{"line":51,"column":8},"end":{"line":56,"column":null}},"type":"if","locations":[{"start":{"line":51,"column":8},"end":{"line":56,"column":null}},{"start":{"line":52,"column":13},"end":{"line":56,"column":null}}]},"1":{"loc":{"start":{"line":93,"column":8},"end":{"line":93,"column":49}},"type":"if","locations":[{"start":{"line":93,"column":8},"end":{"line":93,"column":49}}]},"2":{"loc":{"start":{"line":103,"column":8},"end":{"line":103,"column":50}},"type":"if","locations":[{"start":{"line":103,"column":8},"end":{"line":103,"column":50}}]},"3":{"loc":{"start":{"line":106,"column":26},"end":{"line":106,"column":73}},"type":"binary-expr","locations":[{"start":{"line":106,"column":26},"end":{"line":106,"column":65}},{"start":{"line":106,"column":69},"end":{"line":106,"column":73}}]},"4":{"loc":{"start":{"line":115,"column":28},"end":{"line":116,"column":32}},"type":"binary-expr","locations":[{"start":{"line":115,"column":29},"end":{"line":115,"column":74}},{"start":{"line":116,"column":28},"end":{"line":116,"column":32}}]},"5":{"loc":{"start":{"line":121,"column":8},"end":{"line":121,"column":49}},"type":"if","locations":[{"start":{"line":121,"column":8},"end":{"line":121,"column":49}}]},"6":{"loc":{"start":{"line":122,"column":8},"end":{"line":122,"column":49}},"type":"if","locations":[{"start":{"line":122,"column":8},"end":{"line":122,"column":49}}]},"7":{"loc":{"start":{"line":122,"column":12},"end":{"line":122,"column":35}},"type":"binary-expr","locations":[{"start":{"line":122,"column":12},"end":{"line":122,"column":16}},{"start":{"line":122,"column":20},"end":{"line":122,"column":35}}]},"8":{"loc":{"start":{"line":134,"column":8},"end":{"line":136,"column":null}},"type":"if","locations":[{"start":{"line":134,"column":8},"end":{"line":136,"column":null}}]},"9":{"loc":{"start":{"line":144,"column":8},"end":{"line":144,"column":49}},"type":"default-arg","locations":[{"start":{"line":144,"column":23},"end":{"line":144,"column":49}}]},"10":{"loc":{"start":{"line":146,"column":8},"end":{"line":146,"column":69}},"type":"if","locations":[{"start":{"line":146,"column":8},"end":{"line":146,"column":69}}]},"11":{"loc":{"start":{"line":154,"column":8},"end":{"line":154,"column":49}},"type":"if","locations":[{"start":{"line":154,"column":8},"end":{"line":154,"column":49}}]}},"s":{"0":6,"1":6,"2":6,"3":6,"4":0,"5":0,"6":0,"7":0,"8":0,"9":6,"10":6,"11":37,"12":37,"13":37,"14":37,"15":0,"16":0,"17":0,"18":0,"19":0,"20":0,"21":0,"22":0,"23":0,"24":0,"25":0,"26":0,"27":0,"28":0,"29":0,"30":0,"31":0,"32":0,"33":0,"34":0,"35":0,"36":0,"37":0,"38":0,"39":7,"40":0,"41":7,"42":7,"43":0,"44":7,"45":7,"46":6,"47":6},"f":{"0":0,"1":37,"2":0,"3":0,"4":0,"5":0,"6":0,"7":0,"8":0,"9":0,"10":7},"b":{"0":[0,0],"1":[0],"2":[0],"3":[0,0],"4":[0,0],"5":[0],"6":[0],"7":[0,0],"8":[0],"9":[0],"10":[0],"11":[0]}}
,"D:\\BE_HomeLander\\HomeLand_Apartment_Management_BE\\src\\technician\\entities\\technician.entity.ts": {"path":"D:\\BE_HomeLander\\HomeLand_Apartment_Management_BE\\src\\technician\\entities\\technician.entity.ts","statementMap":{"0":{"start":{"line":1,"column":0},"end":{"line":1,"column":null}},"1":{"start":{"line":9,"column":0},"end":{"line":9,"column":72}},"2":{"start":{"line":10,"column":0},"end":{"line":10,"column":64}},"3":{"start":{"line":11,"column":0},"end":{"line":11,"column":37}},"4":{"start":{"line":14,"column":7},"end":{"line":35,"column":null}},"5":{"start":{"line":34,"column":4},"end":{"line":34,"column":33}},"6":{"start":{"line":14,"column":13},"end":{"line":14,"column":23}},"7":{"start":{"line":16,"column":4},"end":{"line":16,"column":null}},"8":{"start":{"line":19,"column":4},"end":{"line":19,"column":null}},"9":{"start":{"line":18,"column":18},"end":{"line":18,"column":25}},"10":{"start":{"line":26,"column":4},"end":{"line":26,"column":null}},"11":{"start":{"line":21,"column":20},"end":{"line":21,"column":27}},"12":{"start":{"line":29,"column":4},"end":{"line":29,"column":null}},"13":{"start":{"line":32,"column":4},"end":{"line":32,"column":null}},"14":{"start":{"line":14,"column":13},"end":{"line":35,"column":null}}},"fnMap":{"0":{"name":"(anonymous_2)","decl":{"start":{"line":14,"column":7},"end":{"line":14,"column":13}},"loc":{"start":{"line":14,"column":7},"end":{"line":35,"column":1}}},"1":{"name":"(anonymous_3)","decl":{"start":{"line":18,"column":12},"end":{"line":18,"column":15}},"loc":{"start":{"line":18,"column":18},"end":{"line":18,"column":25}}},"2":{"name":"(anonymous_4)","decl":{"start":{"line":21,"column":14},"end":{"line":21,"column":17}},"loc":{"start":{"line":21,"column":20},"end":{"line":21,"column":27}}}},"branchMap":{},"s":{"0":7,"1":7,"2":7,"3":7,"4":7,"5":0,"6":7,"7":7,"8":7,"9":0,"10":7,"11":0,"12":7,"13":7,"14":7},"f":{"0":0,"1":0,"2":0},"b":{}}
,"D:\\BE_HomeLander\\HomeLand_Apartment_Management_BE\\src\\token\\token.controller.ts": {"path":"D:\\BE_HomeLander\\HomeLand_Apartment_Management_BE\\src\\token\\token.controller.ts","statementMap":{"0":{"start":{"line":1,"column":0},"end":{"line":1,"column":73}},"1":{"start":{"line":2,"column":0},"end":{"line":2,"column":58}},"2":{"start":{"line":3,"column":0},"end":{"line":3,"column":51}},"3":{"start":{"line":4,"column":0},"end":{"line":4,"column":51}},"4":{"start":{"line":5,"column":0},"end":{"line":5,"column":68}},"5":{"start":{"line":8,"column":7},"end":{"line":28,"column":null}},"6":{"start":{"line":9,"column":33},"end":{"line":9,"column":46}},"7":{"start":{"line":21,"column":8},"end":{"line":21,"column":32}},"8":{"start":{"line":26,"column":8},"end":{"line":26,"column":56}},"9":{"start":{"line":8,"column":13},"end":{"line":8,"column":28}},"10":{"start":{"line":20,"column":4},"end":{"line":22,"column":null}},"11":{"start":{"line":25,"column":4},"end":{"line":27,"column":null}},"12":{"start":{"line":8,"column":13},"end":{"line":28,"column":null}}},"fnMap":{"0":{"name":"(anonymous_4)","decl":{"start":{"line":9,"column":4},"end":{"line":9,"column":33}},"loc":{"start":{"line":9,"column":57},"end":{"line":9,"column":61}}},"1":{"name":"(anonymous_5)","decl":{"start":{"line":20,"column":4},"end":{"line":20,"column":17}},"loc":{"start":{"line":20,"column":17},"end":{"line":22,"column":5}}},"2":{"name":"(anonymous_6)","decl":{"start":{"line":25,"column":4},"end":{"line":25,"column":18}},"loc":{"start":{"line":25,"column":47},"end":{"line":27,"column":5}}}},"branchMap":{},"s":{"0":0,"1":0,"2":0,"3":0,"4":0,"5":0,"6":0,"7":0,"8":0,"9":0,"10":0,"11":0,"12":0},"f":{"0":0,"1":0,"2":0},"b":{}}
,"D:\\BE_HomeLander\\HomeLand_Apartment_Management_BE\\src\\token\\token.module.ts": {"path":"D:\\BE_HomeLander\\HomeLand_Apartment_Management_BE\\src\\token\\token.module.ts","statementMap":{"0":{"start":{"line":1,"column":0},"end":{"line":1,"column":40}},"1":{"start":{"line":2,"column":0},"end":{"line":2,"column":49}},"2":{"start":{"line":3,"column":0},"end":{"line":3,"column":53}},"3":{"start":{"line":9,"column":7},"end":{"line":9,"column":null}},"4":{"start":{"line":9,"column":13},"end":{"line":9,"column":24}},"5":{"start":{"line":9,"column":13},"end":{"line":9,"column":null}}},"fnMap":{},"branchMap":{},"s":{"0":0,"1":0,"2":0,"3":0,"4":0,"5":0},"f":{},"b":{}}
}
