TN:
SF:src\app.controller.ts
FN:10,(anonymous_2)
FN:16,(anonymous_3)
FNF:2
FNH:0
FNDA:0,(anonymous_2)
FNDA:0,(anonymous_3)
DA:1,0
DA:2,0
DA:3,0
DA:4,0
DA:9,0
DA:11,0
DA:16,0
DA:17,0
LF:8
LH:0
BRF:0
BRH:0
end_of_record
TN:
SF:src\app.module.ts
FN:32,(anonymous_1)
FNF:1
FNH:0
FNDA:0,(anonymous_1)
DA:1,0
DA:2,0
DA:3,0
DA:4,0
DA:5,0
DA:6,0
DA:7,0
DA:8,0
DA:9,0
DA:10,0
DA:11,0
DA:12,0
DA:13,0
DA:14,0
DA:15,0
DA:16,0
DA:17,0
DA:18,0
DA:19,0
DA:21,0
DA:22,0
DA:23,0
DA:33,0
DA:34,0
DA:48,0
DA:86,0
LF:26
LH:0
BRDA:33,0,0,0
BRDA:33,0,1,0
BRF:2
BRH:0
end_of_record
TN:
SF:src\app.service.ts
FN:5,(anonymous_1)
FNF:1
FNH:0
FNDA:0,(anonymous_1)
DA:1,0
DA:4,0
DA:6,0
LF:3
LH:0
BRF:0
BRH:0
end_of_record
TN:
SF:src\main.ts
FN:18,bootstrap
FNF:1
FNH:0
FNDA:0,bootstrap
DA:1,0
DA:2,0
DA:3,0
DA:4,0
DA:9,0
DA:11,0
DA:12,0
DA:13,0
DA:14,0
DA:15,0
DA:16,0
DA:19,0
DA:20,0
DA:21,0
DA:28,0
DA:29,0
DA:32,0
DA:34,0
DA:41,0
DA:45,0
DA:47,0
DA:54,0
DA:56,0
LF:23
LH:0
BRDA:54,0,0,0
BRDA:54,0,1,0
BRF:2
BRH:0
end_of_record
TN:
SF:src\account\account.controller.ts
FN:7,(anonymous_4)
FN:10,(anonymous_5)
FN:15,(anonymous_6)
FN:20,(anonymous_7)
FN:25,(anonymous_8)
FNF:5
FNH:1
FNDA:1,(anonymous_4)
FNDA:0,(anonymous_5)
FNDA:0,(anonymous_6)
FNDA:0,(anonymous_7)
FNDA:0,(anonymous_8)
DA:1,1
DA:2,1
DA:3,1
DA:6,1
DA:7,1
DA:10,1
DA:11,0
DA:15,1
DA:16,0
DA:20,1
DA:21,0
DA:25,1
DA:26,0
LF:13
LH:9
BRF:0
BRH:0
end_of_record
TN:
SF:src\account\account.module.ts
FNF:0
FNH:0
DA:1,0
DA:2,0
DA:3,0
DA:9,0
LF:4
LH:0
BRF:0
BRH:0
end_of_record
TN:
SF:src\account\account.service.ts
FN:6,(anonymous_1)
FN:10,(anonymous_2)
FN:14,(anonymous_3)
FN:18,(anonymous_4)
FNF:4
FNH:0
FNDA:0,(anonymous_1)
FNDA:0,(anonymous_2)
FNDA:0,(anonymous_3)
FNDA:0,(anonymous_4)
DA:1,2
DA:5,2
DA:7,0
DA:11,0
DA:15,0
DA:19,0
LF:6
LH:2
BRF:0
BRH:0
end_of_record
TN:
SF:src\account\dto\create-account.dto.ts
FNF:0
FNH:0
DA:1,1
DA:2,1
DA:4,1
DA:11,1
DA:17,1
LF:5
LH:5
BRF:0
BRH:0
end_of_record
TN:
SF:src\account\entities\account.entity.ts
FN:72,(anonymous_2)
FN:28,(anonymous_3)
FN:28,(anonymous_4)
FN:33,(anonymous_5)
FN:33,(anonymous_6)
FN:36,(anonymous_7)
FN:36,(anonymous_8)
FN:41,(anonymous_9)
FN:41,(anonymous_10)
FNF:9
FNH:0
FNDA:0,(anonymous_2)
FNDA:0,(anonymous_3)
FNDA:0,(anonymous_4)
FNDA:0,(anonymous_5)
FNDA:0,(anonymous_6)
FNDA:0,(anonymous_7)
FNDA:0,(anonymous_8)
FNDA:0,(anonymous_9)
FNDA:0,(anonymous_10)
DA:1,7
DA:2,7
DA:3,7
DA:4,7
DA:14,7
DA:15,7
DA:16,7
DA:17,7
DA:20,7
DA:26,7
DA:28,0
DA:31,7
DA:33,0
DA:34,7
DA:36,0
DA:39,7
DA:41,0
DA:44,7
DA:49,7
DA:55,7
DA:59,7
DA:62,7
DA:65,7
DA:68,7
DA:72,7
DA:73,0
DA:74,0
DA:75,0
DA:76,0
DA:77,0
DA:78,0
DA:79,0
LF:32
LH:21
BRDA:74,0,0,0
BRDA:75,1,0,0
BRDA:76,2,0,0
BRDA:77,3,0,0
BRDA:78,4,0,0
BRF:5
BRH:0
end_of_record
TN:
SF:src\admin\admin.module.ts
FNF:0
FNH:0
DA:1,0
DA:2,0
DA:10,0
LF:3
LH:0
BRF:0
BRH:0
end_of_record
TN:
SF:src\admin\admin.sub.ts
FN:13,(anonymous_2)
FN:17,(anonymous_3)
FN:21,(anonymous_4)
FN:31,(anonymous_5)
FN:42,(anonymous_6)
FNF:5
FNH:0
FNDA:0,(anonymous_2)
FNDA:0,(anonymous_3)
FNDA:0,(anonymous_4)
FNDA:0,(anonymous_5)
FNDA:0,(anonymous_6)
DA:1,0
DA:8,0
DA:9,0
DA:12,0
DA:14,0
DA:18,0
DA:25,0
DA:32,0
DA:33,0
DA:43,0
DA:44,0
LF:11
LH:0
BRDA:25,0,0,0
BRDA:32,1,0,0
BRDA:43,2,0,0
BRF:3
BRH:0
end_of_record
TN:
SF:src\admin\entities\admin.entity.ts
FN:14,(anonymous_2)
FN:18,(anonymous_3)
FN:21,(anonymous_4)
FNF:3
FNH:0
FNDA:0,(anonymous_2)
FNDA:0,(anonymous_3)
FNDA:0,(anonymous_4)
DA:1,7
DA:10,7
DA:11,7
DA:14,7
DA:16,7
DA:18,0
DA:19,7
DA:21,0
DA:26,7
DA:29,7
DA:32,7
DA:34,0
LF:12
LH:9
BRF:0
BRH:0
end_of_record
TN:
SF:src\apartment\apartment.controller.ts
FN:21,(anonymous_4)
FN:26,(anonymous_5)
FN:37,(anonymous_6)
FN:43,(anonymous_7)
FN:58,(anonymous_8)
FNF:5
FNH:5
FNDA:7,(anonymous_4)
FNDA:1,(anonymous_5)
FNDA:1,(anonymous_6)
FNDA:3,(anonymous_7)
FNDA:2,(anonymous_8)
DA:1,1
DA:11,1
DA:12,1
DA:14,1
DA:15,1
DA:16,1
DA:20,1
DA:21,7
DA:26,1
DA:27,1
DA:37,1
DA:38,1
DA:39,1
DA:43,1
DA:44,3
DA:45,2
DA:46,0
DA:58,1
DA:62,2
DA:63,1
LF:20
LH:19
BRDA:38,0,0,0
BRDA:38,0,1,1
BRDA:45,1,0,2
BRDA:62,2,0,1
BRF:4
BRH:3
end_of_record
TN:
SF:src\apartment\apartment.module.ts
FNF:0
FNH:0
DA:1,0
DA:2,0
DA:3,0
DA:4,0
DA:5,0
DA:6,0
DA:7,0
DA:8,0
DA:25,0
LF:9
LH:0
BRF:0
BRH:0
end_of_record
TN:
SF:src\apartment\apartment.service.ts
FN:56,(anonymous_4)
FN:69,(anonymous_5)
FN:83,(anonymous_6)
FN:98,(anonymous_7)
FN:116,(anonymous_8)
FN:119,(anonymous_9)
FN:129,(anonymous_10)
FN:140,(anonymous_11)
FN:146,(anonymous_12)
FN:167,(anonymous_13)
FN:184,(anonymous_14)
FN:205,(anonymous_15)
FN:211,(anonymous_16)
FN:214,(anonymous_17)
FN:217,(anonymous_18)
FN:221,(anonymous_19)
FN:229,(anonymous_20)
FNF:17
FNH:1
FNDA:9,(anonymous_4)
FNDA:0,(anonymous_5)
FNDA:0,(anonymous_6)
FNDA:0,(anonymous_7)
FNDA:0,(anonymous_8)
FNDA:0,(anonymous_9)
FNDA:0,(anonymous_10)
FNDA:0,(anonymous_11)
FNDA:0,(anonymous_12)
FNDA:0,(anonymous_13)
FNDA:0,(anonymous_14)
FNDA:0,(anonymous_15)
FNDA:0,(anonymous_16)
FNDA:0,(anonymous_17)
FNDA:0,(anonymous_18)
FNDA:0,(anonymous_19)
FNDA:0,(anonymous_20)
DA:1,2
DA:8,2
DA:9,2
DA:10,2
DA:11,2
DA:12,2
DA:14,2
DA:16,2
DA:22,2
DA:55,2
DA:58,9
DA:60,9
DA:62,9
DA:63,9
DA:64,9
DA:66,9
DA:73,0
DA:74,0
DA:75,0
DA:76,0
DA:77,0
DA:78,0
DA:79,0
DA:80,0
DA:81,0
DA:82,0
DA:84,0
DA:94,0
DA:95,0
DA:98,0
DA:100,0
DA:101,0
DA:104,0
DA:105,0
DA:106,0
DA:109,0
DA:110,0
DA:111,0
DA:113,0
DA:114,0
DA:117,0
DA:119,0
DA:122,0
DA:123,0
DA:125,0
DA:130,0
DA:131,0
DA:137,0
DA:141,0
DA:150,0
DA:151,0
DA:152,0
DA:153,0
DA:154,0
DA:155,0
DA:160,0
DA:162,0
DA:163,0
DA:164,0
DA:166,0
DA:168,0
DA:169,0
DA:172,0
DA:173,0
DA:181,0
DA:182,0
DA:184,0
DA:186,0
DA:187,0
DA:190,0
DA:192,0
DA:193,0
DA:195,0
DA:196,0
DA:197,0
DA:198,0
DA:199,0
DA:201,0
DA:208,0
DA:214,0
DA:221,0
DA:222,0
DA:225,0
DA:226,0
DA:230,0
LF:85
LH:16
BRDA:76,0,0,0
BRDA:87,1,0,0
BRDA:87,1,1,0
BRDA:89,2,0,0
BRDA:89,2,1,0
BRDA:94,3,0,0
BRDA:100,4,0,0
BRDA:104,5,0,0
BRDA:130,6,0,0
BRDA:130,7,0,0
BRDA:130,7,1,0
BRDA:160,8,0,0
BRDA:162,9,0,0
BRDA:163,10,0,0
BRDA:168,11,0,0
BRDA:170,12,0,0
BRDA:170,12,1,0
BRDA:176,13,0,0
BRDA:176,13,1,0
BRDA:181,14,0,0
BRDA:196,15,0,0
BRDA:225,16,0,0
BRF:22
BRH:0
end_of_record
TN:
SF:src\apartment\isURLOrImageFile.ts
FN:36,(anonymous_2)
FN:53,(anonymous_3)
FNF:2
FNH:0
FNDA:0,(anonymous_2)
FNDA:0,(anonymous_3)
DA:1,1
DA:9,1
DA:15,1
DA:16,1
DA:17,1
DA:23,1
DA:28,1
DA:35,1
DA:40,0
DA:41,0
DA:47,0
DA:49,0
DA:50,0
DA:54,0
DA:55,0
DA:61,0
LF:16
LH:8
BRDA:49,0,0,0
BRF:1
BRH:0
end_of_record
TN:
SF:src\apartment\dto\create-apartment.dto.ts
FN:45,(anonymous_2)
FNF:1
FNH:0
FNDA:0,(anonymous_2)
DA:1,1
DA:2,1
DA:3,1
DA:4,1
DA:5,1
DA:11,1
DA:13,1
DA:32,1
DA:46,0
DA:47,0
DA:49,1
LF:11
LH:9
BRDA:46,0,0,0
BRDA:46,1,0,0
BRDA:46,1,1,0
BRF:3
BRH:0
end_of_record
TN:
SF:src\apartment\dto\update-apartment.dto.ts
FN:42,(anonymous_2)
FNF:1
FNH:0
FNDA:0,(anonymous_2)
DA:1,1
DA:3,1
DA:4,1
DA:5,1
DA:6,1
DA:8,1
DA:43,0
DA:46,1
LF:8
LH:7
BRDA:43,0,0,0
BRDA:43,0,1,0
BRDA:43,1,0,0
BRDA:43,1,1,0
BRF:4
BRH:0
end_of_record
TN:
SF:src\apartment\entities\apartment.entity.ts
FN:19,(anonymous_2)
FN:36,(anonymous_3)
FN:42,(anonymous_4)
FN:48,(anonymous_5)
FN:54,(anonymous_6)
FN:60,(anonymous_7)
FN:82,(anonymous_8)
FN:82,(anonymous_9)
FN:91,(anonymous_10)
FN:91,(anonymous_11)
FN:100,(anonymous_12)
FN:100,(anonymous_13)
FN:105,(anonymous_14)
FN:105,(anonymous_15)
FNF:14
FNH:1
FNDA:7,(anonymous_2)
FNDA:0,(anonymous_3)
FNDA:0,(anonymous_4)
FNDA:0,(anonymous_5)
FNDA:0,(anonymous_6)
FNDA:0,(anonymous_7)
FNDA:0,(anonymous_8)
FNDA:0,(anonymous_9)
FNDA:0,(anonymous_10)
FNDA:0,(anonymous_11)
FNDA:0,(anonymous_12)
FNDA:0,(anonymous_13)
FNDA:0,(anonymous_14)
FNDA:0,(anonymous_15)
DA:1,7
DA:11,7
DA:12,7
DA:13,7
DA:14,7
DA:15,7
DA:16,7
DA:17,7
DA:19,7
DA:20,7
DA:21,7
DA:24,7
DA:27,7
DA:32,7
DA:36,0
DA:38,7
DA:42,0
DA:44,7
DA:48,0
DA:50,7
DA:54,0
DA:56,7
DA:60,0
DA:62,7
DA:75,7
DA:80,7
DA:82,0
DA:84,7
DA:89,7
DA:91,0
DA:93,7
DA:98,7
DA:100,0
DA:103,7
DA:105,0
DA:106,7
DA:109,7
DA:112,7
DA:115,7
LF:39
LH:30
BRDA:19,0,0,7
BRDA:19,0,1,7
BRF:2
BRH:2
end_of_record
TN:
SF:src\auth\auth.controller.ts
FN:9,(anonymous_4)
FN:39,(anonymous_5)
FNF:2
FNH:1
FNDA:27,(anonymous_4)
FNDA:0,(anonymous_5)
DA:1,5
DA:2,5
DA:3,5
DA:4,5
DA:8,5
DA:9,27
DA:39,5
DA:40,0
LF:8
LH:7
BRF:0
BRH:0
end_of_record
TN:
SF:src\auth\auth.module.ts
FNF:0
FNH:0
DA:1,5
DA:2,5
DA:3,5
DA:4,5
DA:5,5
DA:6,5
DA:7,5
DA:8,5
DA:23,5
LF:9
LH:9
BRF:0
BRH:0
end_of_record
TN:
SF:src\auth\auth.service.ts
FN:34,(anonymous_4)
FN:43,(anonymous_5)
FN:67,(anonymous_6)
FN:99,(anonymous_7)
FNF:4
FNH:1
FNDA:27,(anonymous_4)
FNDA:0,(anonymous_5)
FNDA:0,(anonymous_6)
FNDA:0,(anonymous_7)
DA:1,5
DA:2,5
DA:3,5
DA:5,5
DA:11,5
DA:12,5
DA:14,5
DA:19,5
DA:33,5
DA:36,27
DA:37,27
DA:38,27
DA:40,27
DA:44,0
DA:45,0
DA:53,0
DA:55,0
DA:59,0
DA:70,0
DA:88,0
DA:90,0
DA:102,0
DA:120,0
DA:122,0
LF:24
LH:13
BRDA:43,0,0,0
BRDA:45,1,0,0
BRDA:46,2,0,0
BRDA:46,2,1,0
BRDA:46,2,2,0
BRDA:88,3,0,0
BRDA:91,4,0,0
BRDA:91,4,1,0
BRDA:91,4,2,0
BRDA:91,4,3,0
BRDA:91,4,4,0
BRDA:120,5,0,0
BRDA:123,6,0,0
BRDA:123,6,1,0
BRDA:123,6,2,0
BRDA:123,6,3,0
BRDA:123,6,4,0
BRF:17
BRH:0
end_of_record
TN:
SF:src\auth\dto\signin.dto.ts
FNF:0
FNH:0
DA:1,5
DA:2,5
DA:4,5
DA:7,5
DA:11,5
LF:5
LH:5
BRF:0
BRH:0
end_of_record
TN:
SF:src\auth\guard\jwt-auth.guard.ts
FN:14,(anonymous_2)
FN:19,(anonymous_3)
FN:26,(anonymous_4)
FNF:3
FNH:1
FNDA:37,(anonymous_2)
FNDA:0,(anonymous_3)
FNDA:0,(anonymous_4)
DA:1,5
DA:7,5
DA:9,5
DA:10,5
DA:13,5
DA:15,37
DA:16,37
DA:22,0
DA:23,0
DA:27,0
DA:28,0
DA:29,0
DA:30,0
DA:31,0
DA:32,0
DA:35,0
DA:36,0
DA:37,0
DA:39,0
DA:40,0
DA:41,0
DA:42,0
DA:44,0
DA:45,0
DA:49,0
LF:25
LH:7
BRDA:27,0,0,0
BRDA:29,1,0,0
BRDA:35,2,0,0
BRDA:39,3,0,0
BRDA:39,3,1,0
BRDA:41,4,0,0
BRF:6
BRH:0
end_of_record
TN:
SF:src\avatar-generator\avatar-generator.module.ts
FNF:0
FNH:0
DA:1,1
DA:2,1
DA:16,1
LF:3
LH:3
BRF:0
BRH:0
end_of_record
TN:
SF:src\avatar-generator\avatar-generator.service.ts
FN:15,(anonymous_1)
FN:19,(anonymous_2)
FNF:2
FNH:0
FNDA:0,(anonymous_1)
FNDA:0,(anonymous_2)
DA:1,2
DA:2,2
DA:4,2
DA:9,2
DA:16,0
DA:17,0
DA:20,0
LF:7
LH:4
BRF:0
BRH:0
end_of_record
TN:
SF:src\building\building.controller.ts
FN:24,(anonymous_4)
FN:28,(anonymous_5)
FN:37,(anonymous_6)
FN:48,(anonymous_7)
FN:52,(anonymous_8)
FN:59,(anonymous_9)
FN:71,(anonymous_10)
FNF:7
FNH:1
FNDA:2,(anonymous_4)
FNDA:0,(anonymous_5)
FNDA:0,(anonymous_6)
FNDA:0,(anonymous_7)
FNDA:0,(anonymous_8)
FNDA:0,(anonymous_9)
FNDA:0,(anonymous_10)
DA:2,1
DA:14,1
DA:15,1
DA:16,1
DA:17,1
DA:18,1
DA:23,1
DA:24,2
DA:28,1
DA:29,0
DA:37,1
DA:38,0
DA:39,0
DA:48,1
DA:49,0
DA:52,1
DA:53,0
DA:54,0
DA:55,0
DA:59,1
DA:63,0
DA:67,0
DA:68,0
DA:71,1
DA:72,0
LF:25
LH:14
BRDA:54,0,0,0
BRDA:67,1,0,0
BRF:2
BRH:0
end_of_record
TN:
SF:src\building\building.module.ts
FNF:0
FNH:0
DA:1,0
DA:2,0
DA:3,0
DA:4,0
DA:6,0
DA:7,0
DA:8,0
DA:23,0
LF:8
LH:0
BRF:0
BRH:0
end_of_record
TN:
SF:src\building\building.service.ts
FN:31,(anonymous_4)
FN:42,(anonymous_5)
FN:52,(anonymous_6)
FN:57,(anonymous_7)
FN:64,(anonymous_8)
FN:75,(anonymous_9)
FN:90,(anonymous_10)
FNF:7
FNH:6
FNDA:11,(anonymous_4)
FNDA:2,(anonymous_5)
FNDA:1,(anonymous_6)
FNDA:1,(anonymous_7)
FNDA:2,(anonymous_8)
FNDA:0,(anonymous_9)
FNDA:1,(anonymous_10)
DA:1,2
DA:3,2
DA:8,2
DA:9,2
DA:12,2
DA:13,2
DA:16,2
DA:30,2
DA:33,11
DA:35,11
DA:37,11
DA:39,11
DA:43,2
DA:44,1
DA:45,1
DA:46,1
DA:47,1
DA:49,0
DA:53,1
DA:54,1
DA:58,1
DA:61,1
DA:65,2
DA:66,2
DA:70,1
DA:72,1
DA:76,0
DA:77,0
DA:80,0
DA:82,0
DA:91,1
DA:96,1
LF:32
LH:27
BRF:0
BRH:0
end_of_record
TN:
SF:src\building\dto\create-building.dto.ts
FN:27,(anonymous_2)
FNF:1
FNH:0
FNDA:0,(anonymous_2)
DA:1,1
DA:2,1
DA:3,1
DA:4,1
DA:8,1
DA:14,1
DA:28,0
DA:29,0
DA:31,1
LF:9
LH:7
BRDA:28,0,0,0
BRDA:28,1,0,0
BRDA:28,1,1,0
BRF:3
BRH:0
end_of_record
TN:
SF:src\building\dto\update-building.dto.ts
FNF:0
FNH:0
DA:1,1
DA:2,1
DA:4,1
LF:3
LH:3
BRF:0
BRH:0
end_of_record
TN:
SF:src\building\entities\building.entity.ts
FN:24,(anonymous_2)
FN:24,(anonymous_3)
FN:27,(anonymous_4)
FN:27,(anonymous_5)
FNF:4
FNH:0
FNDA:0,(anonymous_2)
FNDA:0,(anonymous_3)
FNDA:0,(anonymous_4)
FNDA:0,(anonymous_5)
DA:1,7
DA:2,7
DA:3,7
DA:4,7
DA:5,7
DA:9,7
DA:12,7
DA:17,7
DA:22,7
DA:24,0
DA:25,7
DA:27,0
DA:28,7
DA:33,7
DA:36,7
LF:15
LH:13
BRF:0
BRH:0
end_of_record
TN:
SF:src\contract\contract.controller.ts
FN:27,(anonymous_4)
FN:32,(anonymous_5)
FN:43,(anonymous_6)
FN:51,(anonymous_7)
FN:58,(anonymous_8)
FN:69,(anonymous_9)
FNF:6
FNH:6
FNDA:1,(anonymous_4)
FNDA:2,(anonymous_5)
FNDA:2,(anonymous_6)
FNDA:4,(anonymous_7)
FNDA:3,(anonymous_8)
FNDA:1,(anonymous_9)
DA:1,1
DA:16,1
DA:17,1
DA:18,1
DA:19,1
DA:20,1
DA:21,1
DA:22,1
DA:26,1
DA:27,1
DA:32,1
DA:33,2
DA:43,1
DA:45,2
DA:46,2
DA:47,2
DA:51,1
DA:52,4
DA:58,1
DA:62,3
DA:63,3
DA:64,3
DA:65,0
DA:69,1
DA:70,1
LF:25
LH:24
BRDA:45,0,0,0
BRDA:45,0,1,2
BRDA:63,1,0,3
BRF:3
BRH:2
end_of_record
TN:
SF:src\contract\contract.module.ts
FNF:0
FNH:0
DA:1,0
DA:2,0
DA:3,0
DA:4,0
DA:5,0
DA:6,0
DA:7,0
DA:8,0
DA:22,0
LF:9
LH:0
BRF:0
BRH:0
end_of_record
TN:
SF:src\contract\contract.service.ts
FN:13,(anonymous_4)
FN:21,(anonymous_5)
FN:31,(anonymous_6)
FN:47,(anonymous_7)
FN:59,(anonymous_8)
FN:103,(anonymous_9)
FNF:6
FNH:6
FNDA:1,(anonymous_4)
FNDA:2,(anonymous_5)
FNDA:2,(anonymous_6)
FNDA:1,(anonymous_7)
FNDA:2,(anonymous_8)
FNDA:1,(anonymous_9)
DA:1,2
DA:4,2
DA:5,2
DA:6,2
DA:7,2
DA:8,2
DA:9,2
DA:12,2
DA:15,1
DA:17,1
DA:18,1
DA:19,1
DA:22,2
DA:23,2
DA:24,2
DA:25,2
DA:26,2
DA:27,2
DA:32,2
DA:33,1
DA:41,1
DA:48,1
DA:55,1
DA:56,1
DA:60,2
DA:61,2
DA:63,2
DA:65,2
DA:66,1
DA:67,1
DA:68,1
DA:69,1
DA:74,1
DA:75,1
DA:76,1
DA:77,1
DA:79,0
DA:80,0
DA:81,0
DA:87,0
DA:90,0
DA:92,1
DA:95,2
DA:100,2
DA:104,1
LF:45
LH:40
BRDA:26,0,0,2
BRDA:32,1,0,1
BRDA:32,2,0,2
BRDA:32,2,1,1
BRDA:32,2,2,1
BRDA:55,3,0,0
BRDA:65,4,0,1
BRDA:79,5,0,0
BRDA:83,6,0,0
BRDA:83,6,1,0
BRDA:84,7,0,0
BRDA:84,7,1,0
BRF:12
BRH:6
end_of_record
TN:
SF:src\contract\dto\create-contract.dto.ts
FNF:0
FNH:0
DA:1,1
DA:2,1
DA:10,1
DA:12,1
DA:16,1
DA:20,1
DA:25,1
DA:32,1
LF:8
LH:8
BRF:0
BRH:0
end_of_record
TN:
SF:src\contract\dto\update-contract.dto.ts
FNF:0
FNH:0
DA:1,1
DA:2,1
DA:3,1
DA:4,1
DA:7,1
DA:17,1
LF:6
LH:6
BRF:0
BRH:0
end_of_record
TN:
SF:src\contract\entities\contract.entity.ts
FN:28,(anonymous_2)
FN:28,(anonymous_3)
FN:34,(anonymous_4)
FN:34,(anonymous_5)
FN:40,(anonymous_6)
FN:40,(anonymous_7)
FN:46,(anonymous_8)
FN:46,(anonymous_9)
FNF:8
FNH:0
FNDA:0,(anonymous_2)
FNDA:0,(anonymous_3)
FNDA:0,(anonymous_4)
FNDA:0,(anonymous_5)
FNDA:0,(anonymous_6)
FNDA:0,(anonymous_7)
FNDA:0,(anonymous_8)
FNDA:0,(anonymous_9)
DA:1,7
DA:13,7
DA:14,7
DA:15,7
DA:19,7
DA:20,7
DA:24,7
DA:26,7
DA:28,0
DA:32,7
DA:34,0
DA:38,7
DA:40,0
DA:42,7
DA:44,7
DA:46,0
DA:48,7
DA:51,7
DA:62,7
DA:73,7
DA:76,7
DA:79,7
DA:82,7
DA:85,7
LF:24
LH:20
BRF:0
BRH:0
end_of_record
TN:
SF:src\employee\employee.controller.ts
FN:40,(anonymous_4)
FN:51,(anonymous_5)
FN:55,(anonymous_6)
FN:62,(anonymous_7)
FN:81,(anonymous_8)
FN:87,(anonymous_9)
FNF:6
FNH:6
FNDA:9,(anonymous_4)
FNDA:1,(anonymous_5)
FNDA:2,(anonymous_6)
FNDA:1,(anonymous_7)
FNDA:2,(anonymous_8)
FNDA:2,(anonymous_9)
DA:1,1
DA:15,1
DA:16,1
DA:26,1
DA:27,1
DA:28,1
DA:30,1
DA:31,1
DA:39,1
DA:40,9
DA:51,1
DA:52,1
DA:55,1
DA:56,2
DA:62,1
DA:66,1
DA:70,0
DA:81,1
DA:84,2
DA:87,1
DA:88,2
LF:21
LH:20
BRF:0
BRH:0
end_of_record
TN:
SF:src\employee\employee.module.ts
FNF:0
FNH:0
DA:1,0
DA:2,0
DA:3,0
DA:4,0
DA:5,0
DA:6,0
DA:7,0
DA:8,0
DA:9,0
DA:10,0
DA:31,0
LF:11
LH:0
BRF:0
BRH:0
end_of_record
TN:
SF:src\employee\employee.service.ts
FN:45,(anonymous_4)
FN:64,(anonymous_5)
FN:134,(anonymous_6)
FN:246,(anonymous_7)
FN:254,(anonymous_8)
FN:261,(anonymous_9)
FN:265,(anonymous_10)
FNF:7
FNH:6
FNDA:10,(anonymous_4)
FNDA:2,(anonymous_5)
FNDA:0,(anonymous_6)
FNDA:1,(anonymous_7)
FNDA:1,(anonymous_8)
FNDA:2,(anonymous_9)
FNDA:1,(anonymous_10)
DA:1,2
DA:11,2
DA:12,2
DA:13,2
DA:15,2
DA:16,2
DA:17,2
DA:19,2
DA:21,2
DA:22,2
DA:23,2
DA:26,2
DA:44,2
DA:47,10
DA:48,10
DA:49,10
DA:50,10
DA:51,10
DA:52,10
DA:74,2
DA:75,2
DA:77,2
DA:79,2
DA:80,2
DA:82,2
DA:83,2
DA:84,2
DA:85,2
DA:91,2
DA:97,2
DA:98,2
DA:99,2
DA:100,2
DA:106,0
DA:107,0
DA:114,2
DA:115,2
DA:116,2
DA:117,2
DA:119,2
DA:121,1
DA:122,0
DA:123,0
DA:128,0
DA:131,1
DA:138,0
DA:141,0
DA:143,0
DA:145,0
DA:146,0
DA:147,0
DA:150,0
DA:151,0
DA:152,0
DA:153,0
DA:154,0
DA:159,0
DA:162,0
DA:163,0
DA:168,0
DA:171,0
DA:172,0
DA:177,0
DA:179,0
DA:180,0
DA:181,0
DA:182,0
DA:185,0
DA:186,0
DA:189,0
DA:191,0
DA:247,1
DA:255,1
DA:262,2
DA:263,1
DA:266,1
DA:267,0
LF:77
LH:45
BRDA:79,0,0,0
BRDA:79,0,1,2
BRDA:87,1,0,2
BRDA:87,1,1,2
BRDA:88,2,0,2
BRDA:88,2,1,0
BRDA:93,3,0,2
BRDA:93,3,1,2
BRDA:94,4,0,2
BRDA:94,4,1,0
BRDA:99,5,0,2
BRDA:99,5,1,0
BRDA:102,6,0,2
BRDA:102,6,1,2
BRDA:103,7,0,2
BRDA:103,7,1,0
BRDA:121,8,0,0
BRDA:143,9,0,0
BRDA:153,10,0,0
BRDA:156,11,0,0
BRDA:156,11,1,0
BRDA:157,12,0,0
BRDA:157,12,1,0
BRDA:162,13,0,0
BRDA:165,14,0,0
BRDA:165,14,1,0
BRDA:166,15,0,0
BRDA:166,15,1,0
BRDA:171,16,0,0
BRDA:174,17,0,0
BRDA:174,17,1,0
BRDA:175,18,0,0
BRDA:175,18,1,0
BRDA:256,19,0,0
BRDA:256,19,1,1
BRF:35
BRH:12
end_of_record
TN:
SF:src\employee\dto\create-employee.dto.ts
FN:36,(anonymous_2)
FNF:1
FNH:0
FNDA:0,(anonymous_2)
DA:1,1
DA:3,1
DA:4,1
DA:11,1
DA:12,1
DA:13,1
DA:14,1
DA:26,1
DA:32,1
DA:36,0
DA:40,1
LF:11
LH:10
BRDA:36,0,0,0
BRDA:36,0,1,0
BRF:2
BRH:0
end_of_record
TN:
SF:src\employee\dto\update-employee.dto.ts
FNF:0
FNH:0
DA:1,1
DA:2,1
DA:3,1
DA:4,1
DA:5,1
DA:8,1
DA:19,1
DA:26,1
LF:8
LH:8
BRF:0
BRH:0
end_of_record
TN:
SF:src\employee\entities\employee.entity.ts
FN:12,(anonymous_2)
FN:18,(anonymous_3)
FNF:2
FNH:1
FNDA:2,(anonymous_2)
FNDA:0,(anonymous_3)
DA:1,2
DA:8,2
DA:9,2
DA:10,2
DA:12,2
DA:16,2
DA:18,0
DA:19,2
DA:23,2
DA:27,2
DA:30,2
DA:33,2
DA:35,2
LF:13
LH:12
BRF:0
BRH:0
end_of_record
TN:
SF:src\floor\entities\floor.entity.ts
FN:20,(anonymous_2)
FN:20,(anonymous_3)
FN:27,(anonymous_4)
FN:27,(anonymous_5)
FNF:4
FNH:0
FNDA:0,(anonymous_2)
FNDA:0,(anonymous_3)
FNDA:0,(anonymous_4)
FNDA:0,(anonymous_5)
DA:1,7
DA:9,7
DA:10,7
DA:13,7
DA:15,7
DA:18,7
DA:20,0
DA:22,7
DA:25,7
DA:27,0
DA:28,7
LF:11
LH:9
BRF:0
BRH:0
end_of_record
TN:
SF:src\hash\hash.module.ts
FNF:0
FNH:0
DA:1,6
DA:2,6
DA:13,6
LF:3
LH:3
BRF:0
BRH:0
end_of_record
TN:
SF:src\hash\hash.service.ts
FN:22,(anonymous_1)
FN:26,(anonymous_2)
FNF:2
FNH:0
FNDA:0,(anonymous_1)
FNDA:0,(anonymous_2)
DA:1,6
DA:2,6
DA:3,6
DA:5,6
DA:21,6
DA:23,0
DA:27,0
LF:7
LH:5
BRF:0
BRH:0
end_of_record
TN:
SF:src\helper\class\profile.entity.ts
FN:5,(anonymous_2)
FN:13,(anonymous_3)
FNF:2
FNH:2
FNDA:8,(anonymous_2)
FNDA:8,(anonymous_3)
DA:1,8
DA:2,8
DA:3,8
DA:5,8
DA:6,8
DA:7,8
DA:8,8
DA:9,8
DA:10,8
DA:13,8
DA:14,8
DA:15,8
DA:18,8
DA:24,8
DA:31,8
DA:43,8
DA:46,8
DA:49,8
DA:56,8
LF:19
LH:19
BRDA:5,0,0,8
BRDA:5,0,1,8
BRDA:13,1,0,8
BRDA:13,1,1,8
BRF:4
BRH:4
end_of_record
TN:
SF:src\helper\constant\index.ts
FNF:0
FNH:0
DA:4,6
DA:6,6
LF:2
LH:2
BRF:0
BRH:0
end_of_record
TN:
SF:src\helper\decorator\auth.decorator.ts
FN:16,Auth
FNF:1
FNH:1
FNDA:2,Auth
DA:1,2
DA:2,2
DA:3,2
DA:4,2
DA:6,2
DA:16,2
DA:17,2
LF:7
LH:7
BRF:0
BRH:0
end_of_record
TN:
SF:src\helper\decorator\roles.decorator.ts
FNF:0
FNH:0
DA:1,2
DA:4,2
LF:2
LH:2
BRF:0
BRH:0
end_of_record
TN:
SF:src\helper\enums\contractEnum.ts
FN:1,(anonymous_0)
FN:5,(anonymous_1)
FNF:2
FNH:2
FNDA:7,(anonymous_0)
FNDA:7,(anonymous_1)
DA:1,7
DA:2,7
DA:3,7
DA:5,7
DA:6,7
DA:7,7
LF:6
LH:6
BRDA:1,0,0,7
BRDA:1,0,1,7
BRDA:5,1,0,7
BRDA:5,1,1,7
BRF:4
BRH:4
end_of_record
TN:
SF:src\helper\filter\typeorm-exception.filter.ts
FN:22,(anonymous_1)
FN:68,(anonymous_2)
FNF:2
FNH:0
FNDA:0,(anonymous_1)
FNDA:0,(anonymous_2)
DA:1,0
DA:10,0
DA:21,0
DA:23,0
DA:24,0
DA:25,0
DA:26,0
DA:27,0
DA:28,0
DA:33,0
DA:35,0
DA:37,0
DA:38,0
DA:40,0
DA:41,0
DA:42,0
DA:43,0
DA:45,0
DA:46,0
DA:47,0
DA:48,0
DA:50,0
DA:51,0
DA:52,0
DA:53,0
DA:55,0
DA:57,0
DA:63,0
DA:68,0
DA:74,0
LF:30
LH:0
BRDA:35,0,0,0
BRDA:35,0,1,0
BRDA:35,0,2,0
BRDA:35,0,3,0
BRDA:35,0,4,0
BRF:5
BRH:0
end_of_record
TN:
SF:src\helper\guard\role.guard.ts
FN:12,(anonymous_2)
FN:14,(anonymous_3)
FN:24,(anonymous_4)
FNF:3
FNH:1
FNDA:10,(anonymous_2)
FNDA:0,(anonymous_3)
FNDA:0,(anonymous_4)
DA:1,2
DA:7,2
DA:8,2
DA:11,2
DA:12,10
DA:15,0
DA:19,0
DA:20,0
DA:22,0
DA:23,0
DA:24,0
DA:25,0
DA:26,0
DA:27,0
LF:14
LH:5
BRDA:19,0,0,0
BRDA:19,1,0,0
BRDA:19,1,1,0
BRDA:25,2,0,0
BRDA:25,2,1,0
BRDA:25,2,2,0
BRDA:26,3,0,0
BRF:7
BRH:0
end_of_record
TN:
SF:src\helper\validation\index.ts
FN:3,MBtoBytes
FN:7,isQueryAffected
FNF:2
FNH:1
FNDA:0,MBtoBytes
FNDA:3,isQueryAffected
DA:3,4
DA:4,0
DA:7,4
DA:8,3
DA:9,1
LF:5
LH:4
BRDA:8,0,0,2
BRDA:8,1,0,3
BRDA:8,1,1,2
BRF:3
BRH:3
end_of_record
TN:
SF:src\id-generator\id-generator.module.ts
FNF:0
FNH:0
DA:1,8
DA:2,8
DA:13,8
LF:3
LH:3
BRF:0
BRH:0
end_of_record
TN:
SF:src\id-generator\id-generator.service.ts
FN:9,(anonymous_1)
FNF:1
FNH:1
FNDA:5,(anonymous_1)
DA:1,8
DA:3,8
DA:8,8
DA:10,5
LF:4
LH:4
BRF:0
BRH:0
end_of_record
TN:
SF:src\manager\entities\manager.entity.ts
FN:14,(anonymous_2)
FN:18,(anonymous_3)
FN:21,(anonymous_4)
FNF:3
FNH:0
FNDA:0,(anonymous_2)
FNDA:0,(anonymous_3)
FNDA:0,(anonymous_4)
DA:1,7
DA:10,7
DA:11,7
DA:14,7
DA:16,7
DA:18,0
DA:19,7
DA:21,0
DA:23,7
DA:26,7
DA:29,7
DA:31,0
LF:12
LH:9
BRF:0
BRH:0
end_of_record
TN:
SF:src\me\me.controller.ts
FN:24,(anonymous_4)
FNF:1
FNH:0
FNDA:0,(anonymous_4)
DA:1,0
DA:2,0
DA:3,0
DA:4,0
DA:5,0
DA:6,0
DA:7,0
DA:12,0
DA:24,0
DA:25,0
LF:10
LH:0
BRF:0
BRH:0
end_of_record
TN:
SF:src\me\me.module.ts
FNF:0
FNH:0
DA:1,0
DA:2,0
DA:3,0
DA:9,0
LF:4
LH:0
BRF:0
BRH:0
end_of_record
TN:
SF:src\resident\resident.controller.ts
FN:38,(anonymous_4)
FN:57,(anonymous_5)
FN:62,(anonymous_6)
FN:67,(anonymous_7)
FN:80,(anonymous_8)
FN:93,(anonymous_9)
FN:100,(anonymous_10)
FNF:7
FNH:0
FNDA:0,(anonymous_4)
FNDA:0,(anonymous_5)
FNDA:0,(anonymous_6)
FNDA:0,(anonymous_7)
FNDA:0,(anonymous_8)
FNDA:0,(anonymous_9)
FNDA:0,(anonymous_10)
DA:1,0
DA:15,0
DA:16,0
DA:26,0
DA:29,0
DA:31,0
DA:37,0
DA:38,0
DA:57,0
DA:59,0
DA:62,0
DA:63,0
DA:64,0
DA:67,0
DA:69,0
DA:80,0
DA:84,0
DA:88,0
DA:93,0
DA:96,0
DA:100,0
DA:103,0
DA:104,0
LF:23
LH:0
BRF:0
BRH:0
end_of_record
TN:
SF:src\resident\resident.module.ts
FNF:0
FNH:0
DA:1,0
DA:2,0
DA:3,0
DA:4,0
DA:5,0
DA:6,0
DA:7,0
DA:8,0
DA:9,0
DA:10,0
DA:11,0
DA:32,0
LF:12
LH:0
BRF:0
BRH:0
end_of_record
TN:
SF:src\resident\resident.service.ts
FN:45,(anonymous_4)
FN:70,(anonymous_5)
FN:166,(anonymous_6)
FN:175,(anonymous_7)
FN:224,(anonymous_8)
FN:243,(anonymous_9)
FN:251,(anonymous_10)
FN:257,(anonymous_11)
FN:266,(anonymous_12)
FNF:9
FNH:0
FNDA:0,(anonymous_4)
FNDA:0,(anonymous_5)
FNDA:0,(anonymous_6)
FNDA:0,(anonymous_7)
FNDA:0,(anonymous_8)
FNDA:0,(anonymous_9)
FNDA:0,(anonymous_10)
FNDA:0,(anonymous_11)
FNDA:0,(anonymous_12)
DA:2,0
DA:4,0
DA:5,0
DA:6,0
DA:7,0
DA:8,0
DA:10,0
DA:12,0
DA:14,0
DA:15,0
DA:16,0
DA:17,0
DA:22,0
DA:44,0
DA:47,0
DA:49,0
DA:50,0
DA:51,0
DA:52,0
DA:53,0
DA:81,0
DA:83,0
DA:84,0
DA:85,0
DA:86,0
DA:87,0
DA:88,0
DA:89,0
DA:90,0
DA:91,0
DA:99,0
DA:110,0
DA:111,0
DA:112,0
DA:121,0
DA:124,0
DA:131,0
DA:132,0
DA:133,0
DA:134,0
DA:136,0
DA:137,0
DA:139,0
DA:140,0
DA:141,0
DA:142,0
DA:143,0
DA:144,0
DA:145,0
DA:147,0
DA:149,0
DA:150,0
DA:151,0
DA:160,0
DA:163,0
DA:167,0
DA:173,0
DA:179,0
DA:182,0
DA:184,0
DA:185,0
DA:186,0
DA:190,0
DA:191,0
DA:194,0
DA:195,0
DA:196,0
DA:205,0
DA:208,0
DA:214,0
DA:215,0
DA:216,0
DA:217,0
DA:218,0
DA:221,0
DA:222,0
DA:225,0
DA:244,0
DA:248,0
DA:252,0
DA:254,0
DA:258,0
DA:259,0
DA:260,0
DA:262,0
DA:263,0
DA:267,0
DA:270,0
LF:88
LH:0
BRDA:86,0,0,0
BRDA:86,0,1,0
BRDA:96,1,0,0
BRDA:96,1,1,0
BRDA:97,2,0,0
BRDA:97,2,1,0
BRDA:104,3,0,0
BRDA:104,3,1,0
BRDA:105,4,0,0
BRDA:105,4,1,0
BRDA:110,5,0,0
BRDA:110,5,1,0
BRDA:117,6,0,0
BRDA:117,6,1,0
BRDA:118,7,0,0
BRDA:118,7,1,0
BRDA:136,8,0,0
BRDA:149,9,0,0
BRDA:185,10,0,0
BRDA:194,11,0,0
BRDA:194,11,1,0
BRDA:201,12,0,0
BRDA:201,12,1,0
BRDA:202,13,0,0
BRDA:202,13,1,0
BRDA:214,14,0,0
BRF:26
BRH:0
end_of_record
TN:
SF:src\resident\dto\create-resident.dto.ts
FN:47,(anonymous_2)
FNF:1
FNH:0
FNDA:0,(anonymous_2)
DA:1,0
DA:3,0
DA:4,0
DA:11,0
DA:12,0
DA:13,0
DA:14,0
DA:16,0
DA:25,0
DA:31,0
DA:37,0
DA:43,0
DA:47,0
DA:51,0
LF:14
LH:0
BRDA:47,0,0,0
BRDA:47,0,1,0
BRF:2
BRH:0
end_of_record
TN:
SF:src\resident\dto\update-resident.dto.ts
FNF:0
FNH:0
DA:1,0
DA:2,0
DA:4,0
LF:3
LH:0
BRF:0
BRH:0
end_of_record
TN:
SF:src\resident\entities\resident.entity.ts
FN:17,(anonymous_2)
FN:21,(anonymous_3)
FN:24,(anonymous_4)
FN:24,(anonymous_5)
FN:37,(anonymous_6)
FN:37,(anonymous_7)
FN:40,(anonymous_8)
FN:40,(anonymous_9)
FNF:8
FNH:0
FNDA:0,(anonymous_2)
FNDA:0,(anonymous_3)
FNDA:0,(anonymous_4)
FNDA:0,(anonymous_5)
FNDA:0,(anonymous_6)
FNDA:0,(anonymous_7)
FNDA:0,(anonymous_8)
FNDA:0,(anonymous_9)
DA:1,7
DA:10,7
DA:11,7
DA:12,7
DA:13,7
DA:14,7
DA:17,7
DA:19,7
DA:21,0
DA:22,7
DA:24,0
DA:29,7
DA:32,7
DA:35,7
DA:37,0
DA:38,7
DA:40,0
DA:42,7
DA:45,7
DA:48,7
DA:51,7
DA:53,0
LF:22
LH:17
BRF:0
BRH:0
end_of_record
TN:
SF:src\seed\seed.controller.ts
FN:8,(anonymous_2)
FN:11,(anonymous_3)
FN:16,(anonymous_4)
FN:21,(anonymous_5)
FNF:4
FNH:0
FNDA:0,(anonymous_2)
FNDA:0,(anonymous_3)
FNDA:0,(anonymous_4)
FNDA:0,(anonymous_5)
DA:1,0
DA:2,0
DA:3,0
DA:7,0
DA:8,0
DA:11,0
DA:12,0
DA:16,0
DA:17,0
DA:21,0
DA:22,0
LF:11
LH:0
BRF:0
BRH:0
end_of_record
TN:
SF:src\seed\seed.module.ts
FNF:0
FNH:0
DA:1,0
DA:2,0
DA:3,0
DA:4,0
DA:5,0
DA:6,0
DA:7,0
DA:8,0
DA:9,0
DA:10,0
DA:24,0
LF:11
LH:0
BRF:0
BRH:0
end_of_record
TN:
SF:src\seed\seed.service.ts
FN:26,(anonymous_4)
FN:38,(anonymous_5)
FN:47,(anonymous_6)
FN:91,(anonymous_7)
FN:105,(anonymous_8)
FN:122,(anonymous_9)
FN:141,(anonymous_10)
FN:173,(anonymous_11)
FN:206,(anonymous_12)
FN:245,(anonymous_13)
FN:278,(anonymous_14)
FN:316,(anonymous_15)
FN:349,(anonymous_16)
FN:381,(anonymous_17)
FN:404,(anonymous_18)
FNF:15
FNH:0
FNDA:0,(anonymous_4)
FNDA:0,(anonymous_5)
FNDA:0,(anonymous_6)
FNDA:0,(anonymous_7)
FNDA:0,(anonymous_8)
FNDA:0,(anonymous_9)
FNDA:0,(anonymous_10)
FNDA:0,(anonymous_11)
FNDA:0,(anonymous_12)
FNDA:0,(anonymous_13)
FNDA:0,(anonymous_14)
FNDA:0,(anonymous_15)
FNDA:0,(anonymous_16)
FNDA:0,(anonymous_17)
FNDA:0,(anonymous_18)
DA:2,0
DA:3,0
DA:4,0
DA:5,0
DA:6,0
DA:7,0
DA:8,0
DA:9,0
DA:10,0
DA:12,0
DA:13,0
DA:14,0
DA:15,0
DA:16,0
DA:17,0
DA:18,0
DA:19,0
DA:20,0
DA:25,0
DA:28,0
DA:29,0
DA:30,0
DA:31,0
DA:32,0
DA:33,0
DA:34,0
DA:39,0
DA:40,0
DA:41,0
DA:43,0
DA:44,0
DA:48,0
DA:49,0
DA:50,0
DA:52,0
DA:53,0
DA:56,0
DA:57,0
DA:58,0
DA:59,0
DA:60,0
DA:61,0
DA:62,0
DA:63,0
DA:65,0
DA:69,0
DA:73,0
DA:92,0
DA:93,0
DA:94,0
DA:95,0
DA:96,0
DA:100,0
DA:101,0
DA:102,0
DA:103,0
DA:106,0
DA:107,0
DA:108,0
DA:114,0
DA:120,0
DA:123,0
DA:124,0
DA:125,0
DA:126,0
DA:133,0
DA:139,0
DA:142,0
DA:143,0
DA:144,0
DA:145,0
DA:168,0
DA:169,0
DA:174,0
DA:175,0
DA:207,0
DA:208,0
DA:246,0
DA:247,0
DA:279,0
DA:280,0
DA:281,0
DA:283,0
DA:317,0
DA:318,0
DA:350,0
DA:351,0
DA:382,0
DA:383,0
DA:384,0
DA:385,0
LF:91
LH:0
BRDA:281,0,0,0
BRDA:301,1,0,0
BRDA:301,1,1,0
BRDA:383,2,0,0
BRF:4
BRH:0
end_of_record
TN:
SF:src\storage\storage.module.ts
FN:13,(anonymous_1)
FNF:1
FNH:1
FNDA:37,(anonymous_1)
DA:1,6
DA:2,6
DA:3,6
DA:14,37
DA:15,0
DA:20,37
DA:30,6
LF:7
LH:6
BRDA:14,0,0,0
BRDA:14,0,1,37
BRDA:16,1,0,0
BRDA:16,1,1,0
BRDA:17,2,0,0
BRDA:17,2,1,0
BRDA:21,3,0,37
BRDA:21,3,1,0
BRDA:22,4,0,37
BRDA:22,4,1,0
BRF:10
BRH:3
end_of_record
TN:
SF:src\storage\storage.service.ts
FN:50,(anonymous_2)
FN:65,(anonymous_3)
FN:69,(anonymous_4)
FN:78,(anonymous_5)
FN:83,(anonymous_6)
FN:89,(anonymous_7)
FN:102,(anonymous_8)
FN:106,(anonymous_9)
FN:114,(anonymous_10)
FN:131,(anonymous_11)
FN:141,(anonymous_12)
FNF:11
FNH:2
FNDA:0,(anonymous_2)
FNDA:37,(anonymous_3)
FNDA:0,(anonymous_4)
FNDA:0,(anonymous_5)
FNDA:0,(anonymous_6)
FNDA:0,(anonymous_7)
FNDA:0,(anonymous_8)
FNDA:0,(anonymous_9)
FNDA:0,(anonymous_10)
FNDA:0,(anonymous_11)
FNDA:7,(anonymous_12)
DA:1,6
DA:2,6
DA:3,6
DA:9,6
DA:49,6
DA:51,0
DA:53,0
DA:54,0
DA:55,0
DA:61,6
DA:65,37
DA:66,37
DA:70,0
DA:75,37
DA:76,37
DA:79,0
DA:80,0
DA:84,0
DA:90,0
DA:93,0
DA:95,0
DA:99,0
DA:103,0
DA:104,0
DA:106,0
DA:109,0
DA:115,0
DA:121,0
DA:122,0
DA:123,0
DA:134,0
DA:135,0
DA:137,0
DA:138,0
DA:146,7
DA:147,7
DA:154,7
DA:155,7
DA:158,7
LF:39
LH:15
BRDA:51,0,0,0
BRDA:51,0,1,0
BRDA:93,1,0,0
BRDA:103,2,0,0
BRDA:106,3,0,0
BRDA:106,3,1,0
BRDA:115,4,0,0
BRDA:115,4,1,0
BRDA:121,5,0,0
BRDA:122,6,0,0
BRDA:122,7,0,0
BRDA:122,7,1,0
BRDA:134,8,0,0
BRDA:144,9,0,0
BRDA:146,10,0,0
BRDA:154,11,0,0
BRF:16
BRH:0
end_of_record
TN:
SF:src\technician\entities\technician.entity.ts
FN:14,(anonymous_2)
FN:18,(anonymous_3)
FN:21,(anonymous_4)
FNF:3
FNH:0
FNDA:0,(anonymous_2)
FNDA:0,(anonymous_3)
FNDA:0,(anonymous_4)
DA:1,7
DA:9,7
DA:10,7
DA:11,7
DA:14,7
DA:16,7
DA:18,0
DA:19,7
DA:21,0
DA:26,7
DA:29,7
DA:32,7
DA:34,0
LF:13
LH:10
BRF:0
BRH:0
end_of_record
TN:
SF:src\token\token.controller.ts
FN:9,(anonymous_4)
FN:20,(anonymous_5)
FN:25,(anonymous_6)
FNF:3
FNH:0
FNDA:0,(anonymous_4)
FNDA:0,(anonymous_5)
FNDA:0,(anonymous_6)
DA:1,0
DA:2,0
DA:3,0
DA:4,0
DA:5,0
DA:8,0
DA:9,0
DA:20,0
DA:21,0
DA:25,0
DA:26,0
LF:11
LH:0
BRF:0
BRH:0
end_of_record
TN:
SF:src\token\token.module.ts
FNF:0
FNH:0
DA:1,0
DA:2,0
DA:3,0
DA:9,0
LF:4
LH:0
BRF:0
BRH:0
end_of_record
